2026-06-12 00:00:42,646 INFO  org.testng.internal.Utils - [Utils] MethodGroupsHelper.collectMethodsByGroup() took 2 ms.
2026-06-12 00:00:42,671 INFO  org.testng.internal.Utils - [Utils] MethodGroupsHelper.sortMethods() took 2 ms.
2026-06-12 00:00:42,676 INFO  org.testng.internal.Utils - [Utils] MethodGroupsHelper.collectMethodsByGroup() took 0 ms.
2026-06-12 00:00:42,676 INFO  org.testng.internal.Utils - [Utils] MethodGroupsHelper.sortMethods() took 0 ms.
2026-06-12 00:00:42,677 INFO  org.testng.internal.Utils - [Utils] MethodGroupsHelper.collectMethodsByGroup() took 0 ms.
2026-06-12 00:00:42,677 INFO  org.testng.internal.Utils - [Utils] MethodGroupsHelper.sortMethods() took 0 ms.
2026-06-12 00:00:42,678 INFO  org.testng.internal.Utils - [Utils] MethodGroupsHelper.collectMethodsByGroup() took 0 ms.
2026-06-12 00:00:42,679 INFO  org.testng.internal.Utils - [Utils] MethodGroupsHelper.sortMethods() took 0 ms.
2026-06-12 00:00:42,680 INFO  org.testng.internal.Utils - [Utils] MethodGroupsHelper.collectMethodsByGroup() took 0 ms.
2026-06-12 00:00:42,680 INFO  org.testng.internal.Utils - [Utils] MethodGroupsHelper.sortMethods() took 0 ms.
2026-06-12 00:00:42,682 INFO  org.testng.internal.Utils - [Utils] MethodGroupsHelper.collectMethodsByGroup() took 0 ms.
2026-06-12 00:00:42,683 INFO  org.testng.internal.Utils - [Utils] MethodGroupsHelper.sortMethods() took 0 ms.
2026-06-12 00:00:42,683 INFO  org.testng.internal.Utils - [Utils] MethodGroupsHelper.collectMethodsByGroup() took 0 ms.
2026-06-12 00:00:42,683 INFO  org.testng.internal.Utils - [Utils] MethodGroupsHelper.sortMethods() took 0 ms.
2026-06-12 00:00:42,684 INFO  org.testng.internal.Utils - [Utils] MethodGroupsHelper.collectMethodsByGroup() took 0 ms.
2026-06-12 00:00:42,685 INFO  org.testng.internal.Utils - [Utils] MethodGroupsHelper.sortMethods() took 0 ms.
2026-06-12 00:00:42,697 INFO  org.testng.internal.Utils - [Utils] MethodGroupsHelper.collectMethodsByGroup() took 6 ms.
2026-06-12 00:00:42,709 INFO  org.testng.internal.Utils - [Utils] MethodGroupsHelper.sortMethods() took 12 ms.
2026-06-12 00:00:42,711 INFO  org.testng.internal.Utils - [Utils] MethodGroupsHelper.collectMethodsByGroup() took 0 ms.
2026-06-12 00:00:42,712 INFO  org.testng.internal.Utils - [Utils] MethodGroupsHelper.sortMethods() took 1 ms.
2026-06-12 00:00:42,715 INFO  org.testng.internal.Utils - [Utils] MethodGroupsHelper.collectMethodsByGroup() took 0 ms.
2026-06-12 00:00:42,715 INFO  org.testng.internal.Utils - [Utils] MethodGroupsHelper.sortMethods() took 0 ms.
2026-06-12 00:00:42,716 INFO  org.testng.internal.Utils - [Utils] MethodGroupsHelper.collectMethodsByGroup() took 0 ms.
2026-06-12 00:00:42,716 INFO  org.testng.internal.Utils - [Utils] MethodGroupsHelper.sortMethods() took 0 ms.
2026-06-12 00:00:42,718 INFO  org.testng.internal.Utils - [Utils] MethodGroupsHelper.collectMethodsByGroup() took 1 ms.
2026-06-12 00:00:42,725 INFO  org.testng.internal.Utils - [Utils] MethodGroupsHelper.sortMethods() took 6 ms.
2026-06-12 00:00:42,727 INFO  org.testng.internal.Utils - [Utils] MethodGroupsHelper.collectMethodsByGroup() took 0 ms.
2026-06-12 00:00:42,727 INFO  org.testng.internal.Utils - [Utils] MethodGroupsHelper.sortMethods() took 0 ms.
2026-06-12 00:00:42,728 INFO  org.testng.internal.Utils - [Utils] MethodGroupsHelper.collectMethodsByGroup() took 0 ms.
2026-06-12 00:00:42,728 INFO  org.testng.internal.Utils - [Utils] MethodGroupsHelper.sortMethods() took 0 ms.
2026-06-12 00:00:42,739 INFO  org.testng.internal.Utils - [TestNG] Running:
  C:\Users\singh\AppData\Local\Temp\testng-eclipse-407078662\testng-customsuite.xml

2026-06-12 00:00:42,768 INFO  org.testng.internal.Utils - [Utils] DynamicGraphHelper.createDynamicGraph() took 5 ms.
2026-06-12 00:00:46,949 INFO  io.github.bonigarcia.wdm.WebDriverManager - Using chromedriver 149.0.7827.55 (resolved driver for Chrome 149)
2026-06-12 00:00:47,148 INFO  io.github.bonigarcia.wdm.online.Downloader - Downloading https://storage.googleapis.com/chrome-for-testing-public/149.0.7827.55/win64/chromedriver-win64.zip
2026-06-12 00:00:51,909 INFO  io.github.bonigarcia.wdm.online.Downloader - Extracting driver from compressed file chromedriver-win64.zip
2026-06-12 00:00:52,720 INFO  io.github.bonigarcia.wdm.WebDriverManager - Exporting webdriver.chrome.driver as C:\Users\singh\.cache\selenium\chromedriver\win64\149.0.7827.55\chromedriver.exe
2026-06-12 00:01:46,718 INFO  io.github.bonigarcia.wdm.WebDriverManager - Using chromedriver 149.0.7827.55 (resolved driver for Chrome 149)
2026-06-12 00:01:46,741 INFO  io.github.bonigarcia.wdm.WebDriverManager - Exporting webdriver.chrome.driver as C:\Users\singh\.cache\selenium\chromedriver\win64\149.0.7827.55\chromedriver.exe
2026-06-12 00:02:22,935 INFO  io.github.bonigarcia.wdm.WebDriverManager - Using chromedriver 149.0.7827.55 (resolved driver for Chrome 149)
2026-06-12 00:02:22,975 INFO  io.github.bonigarcia.wdm.WebDriverManager - Exporting webdriver.chrome.driver as C:\Users\singh\.cache\selenium\chromedriver\win64\149.0.7827.55\chromedriver.exe
2026-06-12 00:03:09,085 INFO  io.github.bonigarcia.wdm.WebDriverManager - Using chromedriver 149.0.7827.55 (resolved driver for Chrome 149)
2026-06-12 00:03:09,133 INFO  io.github.bonigarcia.wdm.WebDriverManager - Exporting webdriver.chrome.driver as C:\Users\singh\.cache\selenium\chromedriver\win64\149.0.7827.55\chromedriver.exe
2026-06-12 00:03:37,476 INFO  io.github.bonigarcia.wdm.WebDriverManager - Using chromedriver 149.0.7827.55 (resolved driver for Chrome 149)
2026-06-12 00:03:37,493 INFO  io.github.bonigarcia.wdm.WebDriverManager - Exporting webdriver.chrome.driver as C:\Users\singh\.cache\selenium\chromedriver\win64\149.0.7827.55\chromedriver.exe
2026-06-12 00:04:18,346 INFO  org.testng.internal.Utils - [TestNG] Time taken by org.testng.reporters.jq.Main@24d8f87a: 108 ms
2026-06-12 00:04:18,368 INFO  org.testng.internal.Utils - [TestNG] Time taken by org.testng.reporters.FailedReporter@54495935: 22 ms
2026-06-12 00:04:18,380 INFO  org.testng.internal.Utils - [TestNG] Time taken by org.testng.reporters.XMLReporter@463045fb: 12 ms
2026-06-12 00:04:18,391 INFO  org.testng.internal.Utils - [TestNG] Time taken by org.testng.reporters.EmailableReporter2@1bee0085: 10 ms
2026-06-12 00:04:18,404 INFO  org.testng.internal.Utils - [TestNG] Time taken by org.testng.reporters.JUnitReportReporter@5175d9ad: 13 ms
2026-06-12 00:04:18,404 INFO  org.testng.internal.Utils - [TestNG] Time taken by org.testng.internal.ExitCodeListener@b06d46d: 0 ms
2026-06-12 00:22:45,326 INFO  org.testng.internal.Utils - [Utils] MethodGroupsHelper.collectMethodsByGroup() took 1 ms.
2026-06-12 00:22:45,342 INFO  org.testng.internal.Utils - [Utils] MethodGroupsHelper.sortMethods() took 6 ms.
2026-06-12 00:22:45,344 INFO  org.testng.internal.Utils - [Utils] MethodGroupsHelper.collectMethodsByGroup() took 0 ms.
2026-06-12 00:22:45,345 INFO  org.testng.internal.Utils - [Utils] MethodGroupsHelper.sortMethods() took 0 ms.
2026-06-12 00:22:45,346 INFO  org.testng.internal.Utils - [Utils] MethodGroupsHelper.collectMethodsByGroup() took 0 ms.
2026-06-12 00:22:45,346 INFO  org.testng.internal.Utils - [Utils] MethodGroupsHelper.sortMethods() took 0 ms.
2026-06-12 00:22:45,348 INFO  org.testng.internal.Utils - [Utils] MethodGroupsHelper.collectMethodsByGroup() took 0 ms.
2026-06-12 00:22:45,348 INFO  org.testng.internal.Utils - [Utils] MethodGroupsHelper.sortMethods() took 0 ms.
2026-06-12 00:22:45,349 INFO  org.testng.internal.Utils - [Utils] MethodGroupsHelper.collectMethodsByGroup() took 0 ms.
2026-06-12 00:22:45,349 INFO  org.testng.internal.Utils - [Utils] MethodGroupsHelper.sortMethods() took 0 ms.
2026-06-12 00:22:45,350 INFO  org.testng.internal.Utils - [Utils] MethodGroupsHelper.collectMethodsByGroup() took 0 ms.
2026-06-12 00:22:45,351 INFO  org.testng.internal.Utils - [Utils] MethodGroupsHelper.sortMethods() took 0 ms.
2026-06-12 00:22:45,351 INFO  org.testng.internal.Utils - [Utils] MethodGroupsHelper.collectMethodsByGroup() took 0 ms.
2026-06-12 00:22:45,352 INFO  org.testng.internal.Utils - [Utils] MethodGroupsHelper.sortMethods() took 0 ms.
2026-06-12 00:22:45,353 INFO  org.testng.internal.Utils - [Utils] MethodGroupsHelper.collectMethodsByGroup() took 0 ms.
2026-06-12 00:22:45,356 INFO  org.testng.internal.Utils - [Utils] MethodGroupsHelper.sortMethods() took 0 ms.
2026-06-12 00:22:45,366 INFO  org.testng.internal.Utils - [Utils] MethodGroupsHelper.collectMethodsByGroup() took 5 ms.
2026-06-12 00:22:45,382 INFO  org.testng.internal.Utils - [Utils] MethodGroupsHelper.sortMethods() took 15 ms.
2026-06-12 00:22:45,385 INFO  org.testng.internal.Utils - [Utils] MethodGroupsHelper.collectMethodsByGroup() took 0 ms.
2026-06-12 00:22:45,386 INFO  org.testng.internal.Utils - [Utils] MethodGroupsHelper.sortMethods() took 0 ms.
2026-06-12 00:22:45,392 INFO  org.testng.internal.Utils - [Utils] MethodGroupsHelper.collectMethodsByGroup() took 0 ms.
2026-06-12 00:22:45,392 INFO  org.testng.internal.Utils - [Utils] MethodGroupsHelper.sortMethods() took 0 ms.
2026-06-12 00:22:45,393 INFO  org.testng.internal.Utils - [Utils] MethodGroupsHelper.collectMethodsByGroup() took 0 ms.
2026-06-12 00:22:45,393 INFO  org.testng.internal.Utils - [Utils] MethodGroupsHelper.sortMethods() took 0 ms.
2026-06-12 00:22:45,395 INFO  org.testng.internal.Utils - [Utils] MethodGroupsHelper.collectMethodsByGroup() took 1 ms.
2026-06-12 00:22:45,401 INFO  org.testng.internal.Utils - [Utils] MethodGroupsHelper.sortMethods() took 5 ms.
2026-06-12 00:22:45,408 INFO  org.testng.internal.Utils - [Utils] MethodGroupsHelper.collectMethodsByGroup() took 0 ms.
2026-06-12 00:22:45,409 INFO  org.testng.internal.Utils - [Utils] MethodGroupsHelper.sortMethods() took 0 ms.
2026-06-12 00:22:45,409 INFO  org.testng.internal.Utils - [Utils] MethodGroupsHelper.collectMethodsByGroup() took 0 ms.
2026-06-12 00:22:45,410 INFO  org.testng.internal.Utils - [Utils] MethodGroupsHelper.sortMethods() took 0 ms.
2026-06-12 00:22:45,428 INFO  org.testng.internal.Utils - [TestNG] Running:
  C:\Users\singh\AppData\Local\Temp\testng-eclipse-827191277\testng-customsuite.xml

2026-06-12 00:22:45,465 INFO  org.testng.internal.Utils - [Utils] DynamicGraphHelper.createDynamicGraph() took 4 ms.
2026-06-12 00:22:46,525 INFO  io.github.bonigarcia.wdm.WebDriverManager - Using chromedriver 149.0.7827.55 (resolved driver for Chrome 149)
2026-06-12 00:22:46,693 INFO  io.github.bonigarcia.wdm.WebDriverManager - Exporting webdriver.chrome.driver as C:\Users\singh\.cache\selenium\chromedriver\win64\149.0.7827.55\chromedriver.exe
2026-06-12 00:23:34,609 INFO  io.github.bonigarcia.wdm.WebDriverManager - Using chromedriver 149.0.7827.55 (resolved driver for Chrome 149)
2026-06-12 00:23:34,658 INFO  io.github.bonigarcia.wdm.WebDriverManager - Exporting webdriver.chrome.driver as C:\Users\singh\.cache\selenium\chromedriver\win64\149.0.7827.55\chromedriver.exe
2026-06-12 00:24:08,139 INFO  io.github.bonigarcia.wdm.WebDriverManager - Using chromedriver 149.0.7827.55 (resolved driver for Chrome 149)
2026-06-12 00:24:08,195 INFO  io.github.bonigarcia.wdm.WebDriverManager - Exporting webdriver.chrome.driver as C:\Users\singh\.cache\selenium\chromedriver\win64\149.0.7827.55\chromedriver.exe
2026-06-12 00:24:48,533 INFO  org.testng.internal.Utils - [TestNG] Time taken by org.testng.reporters.jq.Main@654e6a90: 140 ms
2026-06-12 00:24:48,535 INFO  org.testng.internal.Utils - [TestNG] Time taken by org.testng.reporters.FailedReporter@1e225820: 2 ms
2026-06-12 00:24:48,551 INFO  org.testng.internal.Utils - [TestNG] Time taken by org.testng.reporters.XMLReporter@5ae1c281: 16 ms
2026-06-12 00:24:48,568 INFO  org.testng.internal.Utils - [TestNG] Time taken by org.testng.reporters.EmailableReporter2@9accff0: 17 ms
2026-06-12 00:24:48,592 INFO  org.testng.internal.Utils - [TestNG] Time taken by org.testng.reporters.JUnitReportReporter@e700eba: 24 ms
2026-06-12 00:24:48,595 INFO  org.testng.internal.Utils - [TestNG] Time taken by org.testng.internal.ExitCodeListener@6436e181: 0 ms
2026-06-12 01:02:46,813 INFO  org.testng.internal.Utils - [Utils] MethodGroupsHelper.collectMethodsByGroup() took 1 ms.
2026-06-12 01:02:46,826 INFO  org.testng.internal.Utils - [Utils] MethodGroupsHelper.sortMethods() took 1 ms.
2026-06-12 01:02:46,830 INFO  org.testng.internal.Utils - [Utils] MethodGroupsHelper.collectMethodsByGroup() took 0 ms.
2026-06-12 01:02:46,830 INFO  org.testng.internal.Utils - [Utils] MethodGroupsHelper.sortMethods() took 0 ms.
2026-06-12 01:02:46,832 INFO  org.testng.internal.Utils - [Utils] MethodGroupsHelper.collectMethodsByGroup() took 0 ms.
2026-06-12 01:02:46,835 INFO  org.testng.internal.Utils - [Utils] MethodGroupsHelper.sortMethods() took 0 ms.
2026-06-12 01:02:46,836 INFO  org.testng.internal.Utils - [Utils] MethodGroupsHelper.collectMethodsByGroup() took 0 ms.
2026-06-12 01:02:46,837 INFO  org.testng.internal.Utils - [Utils] MethodGroupsHelper.sortMethods() took 0 ms.
2026-06-12 01:02:46,837 INFO  org.testng.internal.Utils - [Utils] MethodGroupsHelper.collectMethodsByGroup() took 0 ms.
2026-06-12 01:02:46,838 INFO  org.testng.internal.Utils - [Utils] MethodGroupsHelper.sortMethods() took 0 ms.
2026-06-12 01:02:46,838 INFO  org.testng.internal.Utils - [Utils] MethodGroupsHelper.collectMethodsByGroup() took 0 ms.
2026-06-12 01:02:46,838 INFO  org.testng.internal.Utils - [Utils] MethodGroupsHelper.sortMethods() took 0 ms.
2026-06-12 01:02:46,839 INFO  org.testng.internal.Utils - [Utils] MethodGroupsHelper.collectMethodsByGroup() took 0 ms.
2026-06-12 01:02:46,839 INFO  org.testng.internal.Utils - [Utils] MethodGroupsHelper.sortMethods() took 0 ms.
2026-06-12 01:02:46,840 INFO  org.testng.internal.Utils - [Utils] MethodGroupsHelper.collectMethodsByGroup() took 0 ms.
2026-06-12 01:02:46,841 INFO  org.testng.internal.Utils - [Utils] MethodGroupsHelper.sortMethods() took 0 ms.
2026-06-12 01:02:46,851 INFO  org.testng.internal.Utils - [Utils] MethodGroupsHelper.collectMethodsByGroup() took 5 ms.
2026-06-12 01:02:46,869 INFO  org.testng.internal.Utils - [Utils] MethodGroupsHelper.sortMethods() took 16 ms.
2026-06-12 01:02:46,872 INFO  org.testng.internal.Utils - [Utils] MethodGroupsHelper.collectMethodsByGroup() took 0 ms.
2026-06-12 01:02:46,873 INFO  org.testng.internal.Utils - [Utils] MethodGroupsHelper.sortMethods() took 1 ms.
2026-06-12 01:02:46,876 INFO  org.testng.internal.Utils - [Utils] MethodGroupsHelper.collectMethodsByGroup() took 0 ms.
2026-06-12 01:02:46,877 INFO  org.testng.internal.Utils - [Utils] MethodGroupsHelper.sortMethods() took 0 ms.
2026-06-12 01:02:46,877 INFO  org.testng.internal.Utils - [Utils] MethodGroupsHelper.collectMethodsByGroup() took 0 ms.
2026-06-12 01:02:46,877 INFO  org.testng.internal.Utils - [Utils] MethodGroupsHelper.sortMethods() took 0 ms.
2026-06-12 01:02:46,879 INFO  org.testng.internal.Utils - [Utils] MethodGroupsHelper.collectMethodsByGroup() took 1 ms.
2026-06-12 01:02:46,886 INFO  org.testng.internal.Utils - [Utils] MethodGroupsHelper.sortMethods() took 6 ms.
2026-06-12 01:02:46,889 INFO  org.testng.internal.Utils - [Utils] MethodGroupsHelper.collectMethodsByGroup() took 0 ms.
2026-06-12 01:02:46,890 INFO  org.testng.internal.Utils - [Utils] MethodGroupsHelper.sortMethods() took 0 ms.
2026-06-12 01:02:46,890 INFO  org.testng.internal.Utils - [Utils] MethodGroupsHelper.collectMethodsByGroup() took 0 ms.
2026-06-12 01:02:46,891 INFO  org.testng.internal.Utils - [Utils] MethodGroupsHelper.sortMethods() took 0 ms.
2026-06-12 01:02:46,906 INFO  org.testng.internal.Utils - [TestNG] Running:
  C:\Users\singh\AppData\Local\Temp\testng-eclipse-629429221\testng-customsuite.xml

2026-06-12 01:02:46,940 INFO  org.testng.internal.Utils - [Utils] DynamicGraphHelper.createDynamicGraph() took 6 ms.
2026-06-12 01:02:50,785 INFO  io.github.bonigarcia.wdm.WebDriverManager - Using chromedriver 149.0.7827.55 (resolved driver for Chrome 149)
2026-06-12 01:02:50,823 INFO  io.github.bonigarcia.wdm.WebDriverManager - Exporting webdriver.chrome.driver as C:\Users\singh\.cache\selenium\chromedriver\win64\149.0.7827.55\chromedriver.exe
2026-06-12 01:03:19,828 INFO  io.github.bonigarcia.wdm.WebDriverManager - Using chromedriver 149.0.7827.55 (resolved driver for Chrome 149)
2026-06-12 01:03:19,938 INFO  io.github.bonigarcia.wdm.WebDriverManager - Exporting webdriver.chrome.driver as C:\Users\singh\.cache\selenium\chromedriver\win64\149.0.7827.55\chromedriver.exe
2026-06-12 01:03:47,913 INFO  io.github.bonigarcia.wdm.WebDriverManager - Using chromedriver 149.0.7827.55 (resolved driver for Chrome 149)
2026-06-12 01:03:47,959 INFO  io.github.bonigarcia.wdm.WebDriverManager - Exporting webdriver.chrome.driver as C:\Users\singh\.cache\selenium\chromedriver\win64\149.0.7827.55\chromedriver.exe
2026-06-12 01:04:43,728 INFO  org.testng.internal.Utils - [TestNG] Time taken by org.testng.reporters.jq.Main@267f9765: 142 ms
2026-06-12 01:04:43,728 INFO  org.testng.internal.Utils - [TestNG] Time taken by org.testng.reporters.FailedReporter@7f3fc42f: 0 ms
2026-06-12 01:04:43,759 INFO  org.testng.internal.Utils - [TestNG] Time taken by org.testng.reporters.XMLReporter@629e8212: 31 ms
2026-06-12 01:04:43,759 INFO  org.testng.internal.Utils - [TestNG] Time taken by org.testng.reporters.EmailableReporter2@65c17e38: 0 ms
2026-06-12 01:04:43,787 INFO  org.testng.internal.Utils - [TestNG] Time taken by org.testng.reporters.JUnitReportReporter@7135ce0a: 12 ms
2026-06-12 01:04:43,787 INFO  org.testng.internal.Utils - [TestNG] Time taken by org.testng.internal.ExitCodeListener@617449dd: 0 ms
2026-06-12 02:10:32,895 INFO  org.testng.internal.Utils - [Utils] MethodGroupsHelper.collectMethodsByGroup() took 1 ms.
2026-06-12 02:10:32,898 INFO  org.testng.internal.Utils - [Utils] MethodGroupsHelper.collectMethodsByGroup() took 1 ms.
2026-06-12 02:10:32,908 INFO  org.testng.internal.Utils - [Utils] MethodGroupsHelper.sortMethods() took 4 ms.
2026-06-12 02:10:32,913 INFO  org.testng.internal.Utils - [Utils] MethodGroupsHelper.collectMethodsByGroup() took 0 ms.
2026-06-12 02:10:32,913 INFO  org.testng.internal.Utils - [Utils] MethodGroupsHelper.sortMethods() took 0 ms.
2026-06-12 02:10:32,914 INFO  org.testng.internal.Utils - [Utils] MethodGroupsHelper.collectMethodsByGroup() took 0 ms.
2026-06-12 02:10:32,914 INFO  org.testng.internal.Utils - [Utils] MethodGroupsHelper.sortMethods() took 0 ms.
2026-06-12 02:10:32,915 INFO  org.testng.internal.Utils - [Utils] MethodGroupsHelper.collectMethodsByGroup() took 0 ms.
2026-06-12 02:10:32,917 INFO  org.testng.internal.Utils - [Utils] MethodGroupsHelper.sortMethods() took 0 ms.
2026-06-12 02:10:32,918 INFO  org.testng.internal.Utils - [Utils] MethodGroupsHelper.collectMethodsByGroup() took 0 ms.
2026-06-12 02:10:32,918 INFO  org.testng.internal.Utils - [Utils] MethodGroupsHelper.sortMethods() took 4 ms.
2026-06-12 02:10:32,918 INFO  org.testng.internal.Utils - [Utils] MethodGroupsHelper.sortMethods() took 0 ms.
2026-06-12 02:10:32,919 INFO  org.testng.internal.Utils - [Utils] MethodGroupsHelper.collectMethodsByGroup() took 0 ms.
2026-06-12 02:10:32,919 INFO  org.testng.internal.Utils - [Utils] MethodGroupsHelper.sortMethods() took 0 ms.
2026-06-12 02:10:32,920 INFO  org.testng.internal.Utils - [Utils] MethodGroupsHelper.collectMethodsByGroup() took 0 ms.
2026-06-12 02:10:32,920 INFO  org.testng.internal.Utils - [Utils] MethodGroupsHelper.sortMethods() took 0 ms.
2026-06-12 02:10:32,921 INFO  org.testng.internal.Utils - [Utils] MethodGroupsHelper.collectMethodsByGroup() took 0 ms.
2026-06-12 02:10:32,921 INFO  org.testng.internal.Utils - [Utils] MethodGroupsHelper.collectMethodsByGroup() took 0 ms.
2026-06-12 02:10:32,921 INFO  org.testng.internal.Utils - [Utils] MethodGroupsHelper.sortMethods() took 0 ms.
2026-06-12 02:10:32,922 INFO  org.testng.internal.Utils - [Utils] MethodGroupsHelper.sortMethods() took 0 ms.
2026-06-12 02:10:32,922 INFO  org.testng.internal.Utils - [Utils] MethodGroupsHelper.collectMethodsByGroup() took 0 ms.
2026-06-12 02:10:32,923 INFO  org.testng.internal.Utils - [Utils] MethodGroupsHelper.sortMethods() took 0 ms.
2026-06-12 02:10:32,923 INFO  org.testng.internal.Utils - [Utils] MethodGroupsHelper.collectMethodsByGroup() took 0 ms.
2026-06-12 02:10:32,924 INFO  org.testng.internal.Utils - [Utils] MethodGroupsHelper.sortMethods() took 0 ms.
2026-06-12 02:10:32,925 INFO  org.testng.internal.Utils - [Utils] MethodGroupsHelper.collectMethodsByGroup() took 0 ms.
2026-06-12 02:10:32,927 INFO  org.testng.internal.Utils - [Utils] MethodGroupsHelper.sortMethods() took 0 ms.
2026-06-12 02:10:32,928 INFO  org.testng.internal.Utils - [Utils] MethodGroupsHelper.collectMethodsByGroup() took 0 ms.
2026-06-12 02:10:32,928 INFO  org.testng.internal.Utils - [Utils] MethodGroupsHelper.sortMethods() took 0 ms.
2026-06-12 02:10:32,928 INFO  org.testng.internal.Utils - [Utils] MethodGroupsHelper.collectMethodsByGroup() took 0 ms.
2026-06-12 02:10:32,929 INFO  org.testng.internal.Utils - [Utils] MethodGroupsHelper.sortMethods() took 0 ms.
2026-06-12 02:10:32,929 INFO  org.testng.internal.Utils - [Utils] MethodGroupsHelper.collectMethodsByGroup() took 0 ms.
2026-06-12 02:10:32,930 INFO  org.testng.internal.Utils - [Utils] MethodGroupsHelper.sortMethods() took 0 ms.
2026-06-12 02:10:32,931 INFO  org.testng.internal.Utils - [Utils] MethodGroupsHelper.collectMethodsByGroup() took 5 ms.
2026-06-12 02:10:32,937 INFO  org.testng.internal.Utils - [Utils] MethodGroupsHelper.collectMethodsByGroup() took 4 ms.
2026-06-12 02:10:32,946 INFO  org.testng.internal.Utils - [Utils] MethodGroupsHelper.sortMethods() took 13 ms.
2026-06-12 02:10:32,948 INFO  org.testng.internal.Utils - [Utils] MethodGroupsHelper.collectMethodsByGroup() took 0 ms.
2026-06-12 02:10:32,949 INFO  org.testng.internal.Utils - [Utils] MethodGroupsHelper.sortMethods() took 1 ms.
2026-06-12 02:10:32,949 INFO  org.testng.internal.Utils - [Utils] MethodGroupsHelper.sortMethods() took 12 ms.
2026-06-12 02:10:32,951 INFO  org.testng.internal.Utils - [Utils] MethodGroupsHelper.collectMethodsByGroup() took 0 ms.
2026-06-12 02:10:32,952 INFO  org.testng.internal.Utils - [Utils] MethodGroupsHelper.sortMethods() took 0 ms.
2026-06-12 02:10:32,952 INFO  org.testng.internal.Utils - [Utils] MethodGroupsHelper.collectMethodsByGroup() took 0 ms.
2026-06-12 02:10:32,953 INFO  org.testng.internal.Utils - [Utils] MethodGroupsHelper.sortMethods() took 0 ms.
2026-06-12 02:10:32,953 INFO  org.testng.internal.Utils - [Utils] MethodGroupsHelper.collectMethodsByGroup() took 0 ms.
2026-06-12 02:10:32,953 INFO  org.testng.internal.Utils - [Utils] MethodGroupsHelper.sortMethods() took 0 ms.
2026-06-12 02:10:32,955 INFO  org.testng.internal.Utils - [Utils] MethodGroupsHelper.collectMethodsByGroup() took 0 ms.
2026-06-12 02:10:32,955 INFO  org.testng.internal.Utils - [Utils] MethodGroupsHelper.collectMethodsByGroup() took 0 ms.
2026-06-12 02:10:32,955 INFO  org.testng.internal.Utils - [Utils] MethodGroupsHelper.sortMethods() took 0 ms.
2026-06-12 02:10:32,955 INFO  org.testng.internal.Utils - [Utils] MethodGroupsHelper.collectMethodsByGroup() took 0 ms.
2026-06-12 02:10:32,955 INFO  org.testng.internal.Utils - [Utils] MethodGroupsHelper.sortMethods() took 0 ms.
2026-06-12 02:10:32,957 INFO  org.testng.internal.Utils - [Utils] MethodGroupsHelper.collectMethodsByGroup() took 0 ms.
2026-06-12 02:10:32,959 INFO  org.testng.internal.Utils - [Utils] MethodGroupsHelper.sortMethods() took 3 ms.
2026-06-12 02:10:32,960 INFO  org.testng.internal.Utils - [Utils] MethodGroupsHelper.collectMethodsByGroup() took 0 ms.
2026-06-12 02:10:32,961 INFO  org.testng.internal.Utils - [Utils] MethodGroupsHelper.sortMethods() took 0 ms.
2026-06-12 02:10:32,961 INFO  org.testng.internal.Utils - [Utils] MethodGroupsHelper.collectMethodsByGroup() took 0 ms.
2026-06-12 02:10:32,961 INFO  org.testng.internal.Utils - [Utils] MethodGroupsHelper.sortMethods() took 0 ms.
2026-06-12 02:10:32,963 INFO  org.testng.internal.Utils - [Utils] MethodGroupsHelper.sortMethods() took 5 ms.
2026-06-12 02:10:32,964 INFO  org.testng.internal.Utils - [Utils] MethodGroupsHelper.collectMethodsByGroup() took 0 ms.
2026-06-12 02:10:32,965 INFO  org.testng.internal.Utils - [Utils] MethodGroupsHelper.sortMethods() took 0 ms.
2026-06-12 02:10:32,965 INFO  org.testng.internal.Utils - [Utils] MethodGroupsHelper.collectMethodsByGroup() took 0 ms.
2026-06-12 02:10:32,965 INFO  org.testng.internal.Utils - [Utils] MethodGroupsHelper.sortMethods() took 0 ms.
2026-06-12 02:10:32,972 INFO  org.testng.internal.Utils - [TestNG] Running:
  C:\Users\singh\AppData\Local\Temp\testng-eclipse-318760594\testng-customsuite.xml

2026-06-12 02:10:32,977 INFO  org.testng.internal.Utils - [TestNG] Running:
  C:\Users\singh\AppData\Local\Temp\testng-eclipse-318760594\testng-customsuite.xml

2026-06-12 02:10:33,005 INFO  org.testng.internal.Utils - [Utils] DynamicGraphHelper.createDynamicGraph() took 4 ms.
2026-06-12 02:10:33,010 INFO  org.testng.internal.Utils - [Utils] DynamicGraphHelper.createDynamicGraph() took 8 ms.
2026-06-12 02:10:35,579 INFO  io.github.bonigarcia.wdm.WebDriverManager - Using chromedriver 149.0.7827.55 (resolved driver for Chrome 149)
2026-06-12 02:10:35,584 INFO  io.github.bonigarcia.wdm.WebDriverManager - Using chromedriver 149.0.7827.55 (resolved driver for Chrome 149)
2026-06-12 02:10:35,648 INFO  io.github.bonigarcia.wdm.WebDriverManager - Exporting webdriver.chrome.driver as C:\Users\singh\.cache\selenium\chromedriver\win64\149.0.7827.55\chromedriver.exe
2026-06-12 02:10:35,651 INFO  io.github.bonigarcia.wdm.WebDriverManager - Exporting webdriver.chrome.driver as C:\Users\singh\.cache\selenium\chromedriver\win64\149.0.7827.55\chromedriver.exe
2026-06-12 02:11:03,762 INFO  io.github.bonigarcia.wdm.WebDriverManager - Using chromedriver 149.0.7827.55 (resolved driver for Chrome 149)
2026-06-12 02:11:03,796 INFO  io.github.bonigarcia.wdm.WebDriverManager - Exporting webdriver.chrome.driver as C:\Users\singh\.cache\selenium\chromedriver\win64\149.0.7827.55\chromedriver.exe
2026-06-12 02:11:27,090 INFO  io.github.bonigarcia.wdm.WebDriverManager - Using chromedriver 149.0.7827.55 (resolved driver for Chrome 149)
2026-06-12 02:11:27,124 INFO  io.github.bonigarcia.wdm.WebDriverManager - Exporting webdriver.chrome.driver as C:\Users\singh\.cache\selenium\chromedriver\win64\149.0.7827.55\chromedriver.exe
2026-06-12 02:11:59,862 INFO  io.github.bonigarcia.wdm.WebDriverManager - Using chromedriver 149.0.7827.55 (resolved driver for Chrome 149)
2026-06-12 02:11:59,885 INFO  io.github.bonigarcia.wdm.WebDriverManager - Exporting webdriver.chrome.driver as C:\Users\singh\.cache\selenium\chromedriver\win64\149.0.7827.55\chromedriver.exe
2026-06-12 02:12:23,964 INFO  org.testng.internal.Utils - [TestNG] Time taken by org.testng.reporters.jq.Main@5ec9eefa: 142 ms
2026-06-12 02:12:23,995 INFO  org.testng.internal.Utils - [TestNG] Time taken by org.testng.reporters.FailedReporter@6812c8cc: 31 ms
2026-06-12 02:12:24,033 INFO  org.testng.internal.Utils - [TestNG] Time taken by org.testng.reporters.XMLReporter@19662208: 38 ms
2026-06-12 02:12:24,058 INFO  org.testng.internal.Utils - [TestNG] Time taken by org.testng.reporters.EmailableReporter2@18ffca6c: 25 ms
2026-06-12 02:12:24,074 INFO  org.testng.internal.Utils - [TestNG] Time taken by org.testng.reporters.JUnitReportReporter@6486fe7b: 16 ms
2026-06-12 02:12:24,074 INFO  org.testng.internal.Utils - [TestNG] Time taken by org.testng.internal.ExitCodeListener@511da44f: 0 ms
2026-06-12 02:36:17,898 INFO  org.testng.internal.Utils - [Utils] MethodGroupsHelper.collectMethodsByGroup() took 0 ms.
2026-06-12 02:36:17,911 INFO  org.testng.internal.Utils - [Utils] MethodGroupsHelper.sortMethods() took 2 ms.
2026-06-12 02:36:17,915 INFO  org.testng.internal.Utils - [Utils] MethodGroupsHelper.collectMethodsByGroup() took 0 ms.
2026-06-12 02:36:17,916 INFO  org.testng.internal.Utils - [Utils] MethodGroupsHelper.sortMethods() took 0 ms.
2026-06-12 02:36:17,916 INFO  org.testng.internal.Utils - [Utils] MethodGroupsHelper.collectMethodsByGroup() took 0 ms.
2026-06-12 02:36:17,917 INFO  org.testng.internal.Utils - [Utils] MethodGroupsHelper.sortMethods() took 0 ms.
2026-06-12 02:36:17,917 INFO  org.testng.internal.Utils - [Utils] MethodGroupsHelper.collectMethodsByGroup() took 0 ms.
2026-06-12 02:36:17,917 INFO  org.testng.internal.Utils - [Utils] MethodGroupsHelper.sortMethods() took 0 ms.
2026-06-12 02:36:17,922 INFO  org.testng.internal.Utils - [Utils] MethodGroupsHelper.collectMethodsByGroup() took 0 ms.
2026-06-12 02:36:17,923 INFO  org.testng.internal.Utils - [Utils] MethodGroupsHelper.sortMethods() took 0 ms.
2026-06-12 02:36:17,924 INFO  org.testng.internal.Utils - [Utils] MethodGroupsHelper.collectMethodsByGroup() took 0 ms.
2026-06-12 02:36:17,924 INFO  org.testng.internal.Utils - [Utils] MethodGroupsHelper.sortMethods() took 0 ms.
2026-06-12 02:36:17,925 INFO  org.testng.internal.Utils - [Utils] MethodGroupsHelper.collectMethodsByGroup() took 0 ms.
2026-06-12 02:36:17,925 INFO  org.testng.internal.Utils - [Utils] MethodGroupsHelper.sortMethods() took 0 ms.
2026-06-12 02:36:17,926 INFO  org.testng.internal.Utils - [Utils] MethodGroupsHelper.collectMethodsByGroup() took 0 ms.
2026-06-12 02:36:17,927 INFO  org.testng.internal.Utils - [Utils] MethodGroupsHelper.sortMethods() took 0 ms.
2026-06-12 02:36:17,940 INFO  org.testng.internal.Utils - [Utils] MethodGroupsHelper.collectMethodsByGroup() took 6 ms.
2026-06-12 02:36:17,955 INFO  org.testng.internal.Utils - [Utils] MethodGroupsHelper.sortMethods() took 13 ms.
2026-06-12 02:36:17,957 INFO  org.testng.internal.Utils - [Utils] MethodGroupsHelper.collectMethodsByGroup() took 0 ms.
2026-06-12 02:36:17,958 INFO  org.testng.internal.Utils - [Utils] MethodGroupsHelper.sortMethods() took 1 ms.
2026-06-12 02:36:17,965 INFO  org.testng.internal.Utils - [Utils] MethodGroupsHelper.collectMethodsByGroup() took 0 ms.
2026-06-12 02:36:17,965 INFO  org.testng.internal.Utils - [Utils] MethodGroupsHelper.sortMethods() took 0 ms.
2026-06-12 02:36:17,966 INFO  org.testng.internal.Utils - [Utils] MethodGroupsHelper.collectMethodsByGroup() took 0 ms.
2026-06-12 02:36:17,967 INFO  org.testng.internal.Utils - [Utils] MethodGroupsHelper.sortMethods() took 0 ms.
2026-06-12 02:36:17,968 INFO  org.testng.internal.Utils - [Utils] MethodGroupsHelper.collectMethodsByGroup() took 0 ms.
2026-06-12 02:36:17,970 INFO  org.testng.internal.Utils - [Utils] MethodGroupsHelper.sortMethods() took 2 ms.
2026-06-12 02:36:17,973 INFO  org.testng.internal.Utils - [Utils] MethodGroupsHelper.collectMethodsByGroup() took 0 ms.
2026-06-12 02:36:17,973 INFO  org.testng.internal.Utils - [Utils] MethodGroupsHelper.sortMethods() took 0 ms.
2026-06-12 02:36:17,973 INFO  org.testng.internal.Utils - [Utils] MethodGroupsHelper.collectMethodsByGroup() took 0 ms.
2026-06-12 02:36:17,974 INFO  org.testng.internal.Utils - [Utils] MethodGroupsHelper.sortMethods() took 0 ms.
2026-06-12 02:36:17,983 INFO  org.testng.internal.Utils - [TestNG] Running:
  C:\Users\singh\AppData\Local\Temp\testng-eclipse-1074028142\testng-customsuite.xml

2026-06-12 02:36:18,040 INFO  org.testng.internal.Utils - [Utils] DynamicGraphHelper.createDynamicGraph() took 28 ms.
2026-06-12 02:36:18,850 INFO  io.github.bonigarcia.wdm.WebDriverManager - Using chromedriver 149.0.7827.55 (resolved driver for Chrome 149)
2026-06-12 02:36:18,934 INFO  io.github.bonigarcia.wdm.WebDriverManager - Exporting webdriver.chrome.driver as C:\Users\singh\.cache\selenium\chromedriver\win64\149.0.7827.55\chromedriver.exe
2026-06-12 02:36:59,033 INFO  org.testng.internal.Utils - [TestNG] Time taken by org.testng.reporters.jq.Main@6af91cc8: 108 ms
2026-06-12 02:36:59,054 INFO  org.testng.internal.Utils - [TestNG] Time taken by org.testng.reporters.FailedReporter@37baddde: 20 ms
2026-06-12 02:36:59,079 INFO  org.testng.internal.Utils - [TestNG] Time taken by org.testng.reporters.XMLReporter@6c0905f6: 21 ms
2026-06-12 02:36:59,098 INFO  org.testng.internal.Utils - [TestNG] Time taken by org.testng.reporters.EmailableReporter2@6ed043d3: 18 ms
2026-06-12 02:36:59,114 INFO  org.testng.internal.Utils - [TestNG] Time taken by org.testng.reporters.JUnitReportReporter@56b859a6: 16 ms
2026-06-12 02:36:59,114 INFO  org.testng.internal.Utils - [TestNG] Time taken by org.testng.internal.ExitCodeListener@590adb41: 0 ms
2026-06-12 02:41:35,060 INFO  org.testng.internal.Utils - [Utils] MethodGroupsHelper.collectMethodsByGroup() took 1 ms.
2026-06-12 02:41:35,083 INFO  org.testng.internal.Utils - [Utils] MethodGroupsHelper.sortMethods() took 3 ms.
2026-06-12 02:41:35,088 INFO  org.testng.internal.Utils - [Utils] MethodGroupsHelper.collectMethodsByGroup() took 0 ms.
2026-06-12 02:41:35,089 INFO  org.testng.internal.Utils - [Utils] MethodGroupsHelper.sortMethods() took 0 ms.
2026-06-12 02:41:35,091 INFO  org.testng.internal.Utils - [Utils] MethodGroupsHelper.collectMethodsByGroup() took 0 ms.
2026-06-12 02:41:35,092 INFO  org.testng.internal.Utils - [Utils] MethodGroupsHelper.sortMethods() took 0 ms.
2026-06-12 02:41:35,094 INFO  org.testng.internal.Utils - [Utils] MethodGroupsHelper.collectMethodsByGroup() took 0 ms.
2026-06-12 02:41:35,094 INFO  org.testng.internal.Utils - [Utils] MethodGroupsHelper.sortMethods() took 0 ms.
2026-06-12 02:41:35,095 INFO  org.testng.internal.Utils - [Utils] MethodGroupsHelper.collectMethodsByGroup() took 0 ms.
2026-06-12 02:41:35,095 INFO  org.testng.internal.Utils - [Utils] MethodGroupsHelper.sortMethods() took 0 ms.
2026-06-12 02:41:35,097 INFO  org.testng.internal.Utils - [Utils] MethodGroupsHelper.collectMethodsByGroup() took 0 ms.
2026-06-12 02:41:35,098 INFO  org.testng.internal.Utils - [Utils] MethodGroupsHelper.sortMethods() took 1 ms.
2026-06-12 02:41:35,098 INFO  org.testng.internal.Utils - [Utils] MethodGroupsHelper.collectMethodsByGroup() took 0 ms.
2026-06-12 02:41:35,099 INFO  org.testng.internal.Utils - [Utils] MethodGroupsHelper.sortMethods() took 0 ms.
2026-06-12 02:41:35,099 INFO  org.testng.internal.Utils - [Utils] MethodGroupsHelper.collectMethodsByGroup() took 0 ms.
2026-06-12 02:41:35,100 INFO  org.testng.internal.Utils - [Utils] MethodGroupsHelper.sortMethods() took 0 ms.
2026-06-12 02:41:35,108 INFO  org.testng.internal.Utils - [Utils] MethodGroupsHelper.collectMethodsByGroup() took 5 ms.
2026-06-12 02:41:35,121 INFO  org.testng.internal.Utils - [Utils] MethodGroupsHelper.sortMethods() took 13 ms.
2026-06-12 02:41:35,125 INFO  org.testng.internal.Utils - [Utils] MethodGroupsHelper.collectMethodsByGroup() took 0 ms.
2026-06-12 02:41:35,126 INFO  org.testng.internal.Utils - [Utils] MethodGroupsHelper.sortMethods() took 1 ms.
2026-06-12 02:41:35,130 INFO  org.testng.internal.Utils - [Utils] MethodGroupsHelper.collectMethodsByGroup() took 0 ms.
2026-06-12 02:41:35,130 INFO  org.testng.internal.Utils - [Utils] MethodGroupsHelper.sortMethods() took 0 ms.
2026-06-12 02:41:35,131 INFO  org.testng.internal.Utils - [Utils] MethodGroupsHelper.collectMethodsByGroup() took 0 ms.
2026-06-12 02:41:35,131 INFO  org.testng.internal.Utils - [Utils] MethodGroupsHelper.sortMethods() took 0 ms.
2026-06-12 02:41:35,132 INFO  org.testng.internal.Utils - [Utils] MethodGroupsHelper.collectMethodsByGroup() took 0 ms.
2026-06-12 02:41:35,136 INFO  org.testng.internal.Utils - [Utils] MethodGroupsHelper.sortMethods() took 3 ms.
2026-06-12 02:41:35,138 INFO  org.testng.internal.Utils - [Utils] MethodGroupsHelper.collectMethodsByGroup() took 0 ms.
2026-06-12 02:41:35,139 INFO  org.testng.internal.Utils - [Utils] MethodGroupsHelper.sortMethods() took 0 ms.
2026-06-12 02:41:35,140 INFO  org.testng.internal.Utils - [Utils] MethodGroupsHelper.collectMethodsByGroup() took 0 ms.
2026-06-12 02:41:35,140 INFO  org.testng.internal.Utils - [Utils] MethodGroupsHelper.sortMethods() took 0 ms.
2026-06-12 02:41:35,150 INFO  org.testng.internal.Utils - [TestNG] Running:
  C:\Users\singh\AppData\Local\Temp\testng-eclipse-487931329\testng-customsuite.xml

2026-06-12 02:41:35,179 INFO  org.testng.internal.Utils - [Utils] DynamicGraphHelper.createDynamicGraph() took 4 ms.
2026-06-12 02:41:35,886 INFO  io.github.bonigarcia.wdm.WebDriverManager - Using chromedriver 149.0.7827.55 (resolved driver for Chrome 149)
2026-06-12 02:41:35,969 INFO  io.github.bonigarcia.wdm.WebDriverManager - Exporting webdriver.chrome.driver as C:\Users\singh\.cache\selenium\chromedriver\win64\149.0.7827.55\chromedriver.exe
2026-06-12 02:41:44,138 INFO  io.github.bonigarcia.wdm.WebDriverManager - Using chromedriver 149.0.7827.55 (resolved driver for Chrome 149)
2026-06-12 02:41:44,166 INFO  io.github.bonigarcia.wdm.WebDriverManager - Exporting webdriver.chrome.driver as C:\Users\singh\.cache\selenium\chromedriver\win64\149.0.7827.55\chromedriver.exe
2026-06-12 02:41:52,091 INFO  org.testng.internal.Utils - [TestNG] Time taken by org.testng.reporters.jq.Main@78054f54: 142 ms
2026-06-12 02:41:52,091 INFO  org.testng.internal.Utils - [TestNG] Time taken by org.testng.reporters.FailedReporter@4b6e1c0: 0 ms
2026-06-12 02:41:52,107 INFO  org.testng.internal.Utils - [TestNG] Time taken by org.testng.reporters.XMLReporter@1a2bcd56: 16 ms
2026-06-12 02:41:52,122 INFO  org.testng.internal.Utils - [TestNG] Time taken by org.testng.reporters.EmailableReporter2@25ad4f71: 15 ms
2026-06-12 02:41:52,138 INFO  org.testng.internal.Utils - [TestNG] Time taken by org.testng.reporters.JUnitReportReporter@59072e9d: 16 ms
2026-06-12 02:41:52,138 INFO  org.testng.internal.Utils - [TestNG] Time taken by org.testng.internal.ExitCodeListener@58472096: 0 ms
2026-06-12 02:42:35,378 INFO  org.testng.internal.Utils - [Utils] MethodGroupsHelper.collectMethodsByGroup() took 0 ms.
2026-06-12 02:42:35,389 INFO  org.testng.internal.Utils - [Utils] MethodGroupsHelper.sortMethods() took 2 ms.
2026-06-12 02:42:35,395 INFO  org.testng.internal.Utils - [Utils] MethodGroupsHelper.collectMethodsByGroup() took 0 ms.
2026-06-12 02:42:35,395 INFO  org.testng.internal.Utils - [Utils] MethodGroupsHelper.sortMethods() took 0 ms.
2026-06-12 02:42:35,396 INFO  org.testng.internal.Utils - [Utils] MethodGroupsHelper.collectMethodsByGroup() took 0 ms.
2026-06-12 02:42:35,397 INFO  org.testng.internal.Utils - [Utils] MethodGroupsHelper.sortMethods() took 0 ms.
2026-06-12 02:42:35,398 INFO  org.testng.internal.Utils - [Utils] MethodGroupsHelper.collectMethodsByGroup() took 0 ms.
2026-06-12 02:42:35,399 INFO  org.testng.internal.Utils - [Utils] MethodGroupsHelper.sortMethods() took 0 ms.
2026-06-12 02:42:35,400 INFO  org.testng.internal.Utils - [Utils] MethodGroupsHelper.collectMethodsByGroup() took 0 ms.
2026-06-12 02:42:35,400 INFO  org.testng.internal.Utils - [Utils] MethodGroupsHelper.sortMethods() took 0 ms.
2026-06-12 02:42:35,401 INFO  org.testng.internal.Utils - [Utils] MethodGroupsHelper.collectMethodsByGroup() took 0 ms.
2026-06-12 02:42:35,402 INFO  org.testng.internal.Utils - [Utils] MethodGroupsHelper.sortMethods() took 0 ms.
2026-06-12 02:42:35,403 INFO  org.testng.internal.Utils - [Utils] MethodGroupsHelper.collectMethodsByGroup() took 0 ms.
2026-06-12 02:42:35,403 INFO  org.testng.internal.Utils - [Utils] MethodGroupsHelper.sortMethods() took 0 ms.
2026-06-12 02:42:35,404 INFO  org.testng.internal.Utils - [Utils] MethodGroupsHelper.collectMethodsByGroup() took 0 ms.
2026-06-12 02:42:35,405 INFO  org.testng.internal.Utils - [Utils] MethodGroupsHelper.sortMethods() took 0 ms.
2026-06-12 02:42:35,416 INFO  org.testng.internal.Utils - [Utils] MethodGroupsHelper.collectMethodsByGroup() took 5 ms.
2026-06-12 02:42:35,433 INFO  org.testng.internal.Utils - [Utils] MethodGroupsHelper.sortMethods() took 17 ms.
2026-06-12 02:42:35,436 INFO  org.testng.internal.Utils - [Utils] MethodGroupsHelper.collectMethodsByGroup() took 0 ms.
2026-06-12 02:42:35,436 INFO  org.testng.internal.Utils - [Utils] MethodGroupsHelper.sortMethods() took 0 ms.
2026-06-12 02:42:35,440 INFO  org.testng.internal.Utils - [Utils] MethodGroupsHelper.collectMethodsByGroup() took 0 ms.
2026-06-12 02:42:35,440 INFO  org.testng.internal.Utils - [Utils] MethodGroupsHelper.sortMethods() took 0 ms.
2026-06-12 02:42:35,442 INFO  org.testng.internal.Utils - [Utils] MethodGroupsHelper.collectMethodsByGroup() took 0 ms.
2026-06-12 02:42:35,443 INFO  org.testng.internal.Utils - [Utils] MethodGroupsHelper.sortMethods() took 0 ms.
2026-06-12 02:42:35,445 INFO  org.testng.internal.Utils - [Utils] MethodGroupsHelper.collectMethodsByGroup() took 0 ms.
2026-06-12 02:42:35,445 INFO  org.testng.internal.Utils - [Utils] MethodGroupsHelper.sortMethods() took 0 ms.
2026-06-12 02:42:35,447 INFO  org.testng.internal.Utils - [Utils] MethodGroupsHelper.collectMethodsByGroup() took 0 ms.
2026-06-12 02:42:35,447 INFO  org.testng.internal.Utils - [Utils] MethodGroupsHelper.sortMethods() took 0 ms.
2026-06-12 02:42:35,448 INFO  org.testng.internal.Utils - [Utils] MethodGroupsHelper.collectMethodsByGroup() took 0 ms.
2026-06-12 02:42:35,448 INFO  org.testng.internal.Utils - [Utils] MethodGroupsHelper.sortMethods() took 0 ms.
2026-06-12 02:42:35,457 INFO  org.testng.internal.Utils - [TestNG] Running:
  C:\Users\singh\AppData\Local\Temp\testng-eclipse-773307744\testng-customsuite.xml

2026-06-12 02:42:35,486 INFO  org.testng.internal.Utils - [Utils] DynamicGraphHelper.createDynamicGraph() took 5 ms.
2026-06-12 02:42:36,185 INFO  io.github.bonigarcia.wdm.WebDriverManager - Using chromedriver 149.0.7827.55 (resolved driver for Chrome 149)
2026-06-12 02:42:36,271 INFO  io.github.bonigarcia.wdm.WebDriverManager - Exporting webdriver.chrome.driver as C:\Users\singh\.cache\selenium\chromedriver\win64\149.0.7827.55\chromedriver.exe
2026-06-12 02:43:14,643 INFO  org.testng.internal.Utils - [TestNG] Time taken by org.testng.reporters.jq.Main@521bb1a4: 105 ms
2026-06-12 02:43:14,670 INFO  org.testng.internal.Utils - [TestNG] Time taken by org.testng.reporters.FailedReporter@107bfcb2: 27 ms
2026-06-12 02:43:14,690 INFO  org.testng.internal.Utils - [TestNG] Time taken by org.testng.reporters.XMLReporter@3e5fd2b1: 20 ms
2026-06-12 02:43:14,742 INFO  org.testng.internal.Utils - [TestNG] Time taken by org.testng.reporters.EmailableReporter2@70d63e05: 52 ms
2026-06-12 02:43:14,751 INFO  org.testng.internal.Utils - [TestNG] Time taken by org.testng.reporters.JUnitReportReporter@43acd79e: 9 ms
2026-06-12 02:43:14,751 INFO  org.testng.internal.Utils - [TestNG] Time taken by org.testng.internal.ExitCodeListener@1e1b061: 0 ms
2026-06-12 02:49:53,638 INFO  org.testng.internal.Utils - [Utils] MethodGroupsHelper.collectMethodsByGroup() took 2 ms.
2026-06-12 02:49:53,649 INFO  org.testng.internal.Utils - [Utils] MethodGroupsHelper.sortMethods() took 2 ms.
2026-06-12 02:49:53,652 INFO  org.testng.internal.Utils - [Utils] MethodGroupsHelper.collectMethodsByGroup() took 0 ms.
2026-06-12 02:49:53,653 INFO  org.testng.internal.Utils - [Utils] MethodGroupsHelper.sortMethods() took 0 ms.
2026-06-12 02:49:53,653 INFO  org.testng.internal.Utils - [Utils] MethodGroupsHelper.collectMethodsByGroup() took 0 ms.
2026-06-12 02:49:53,654 INFO  org.testng.internal.Utils - [Utils] MethodGroupsHelper.sortMethods() took 0 ms.
2026-06-12 02:49:53,655 INFO  org.testng.internal.Utils - [Utils] MethodGroupsHelper.collectMethodsByGroup() took 0 ms.
2026-06-12 02:49:53,655 INFO  org.testng.internal.Utils - [Utils] MethodGroupsHelper.sortMethods() took 0 ms.
2026-06-12 02:49:53,656 INFO  org.testng.internal.Utils - [Utils] MethodGroupsHelper.collectMethodsByGroup() took 0 ms.
2026-06-12 02:49:53,656 INFO  org.testng.internal.Utils - [Utils] MethodGroupsHelper.sortMethods() took 0 ms.
2026-06-12 02:49:53,658 INFO  org.testng.internal.Utils - [Utils] MethodGroupsHelper.collectMethodsByGroup() took 0 ms.
2026-06-12 02:49:53,658 INFO  org.testng.internal.Utils - [Utils] MethodGroupsHelper.sortMethods() took 0 ms.
2026-06-12 02:49:53,659 INFO  org.testng.internal.Utils - [Utils] MethodGroupsHelper.collectMethodsByGroup() took 0 ms.
2026-06-12 02:49:53,659 INFO  org.testng.internal.Utils - [Utils] MethodGroupsHelper.sortMethods() took 0 ms.
2026-06-12 02:49:53,660 INFO  org.testng.internal.Utils - [Utils] MethodGroupsHelper.collectMethodsByGroup() took 0 ms.
2026-06-12 02:49:53,660 INFO  org.testng.internal.Utils - [Utils] MethodGroupsHelper.sortMethods() took 0 ms.
2026-06-12 02:49:53,671 INFO  org.testng.internal.Utils - [Utils] MethodGroupsHelper.collectMethodsByGroup() took 4 ms.
2026-06-12 02:49:53,684 INFO  org.testng.internal.Utils - [Utils] MethodGroupsHelper.sortMethods() took 13 ms.
2026-06-12 02:49:53,686 INFO  org.testng.internal.Utils - [Utils] MethodGroupsHelper.collectMethodsByGroup() took 0 ms.
2026-06-12 02:49:53,686 INFO  org.testng.internal.Utils - [Utils] MethodGroupsHelper.sortMethods() took 0 ms.
2026-06-12 02:49:53,689 INFO  org.testng.internal.Utils - [Utils] MethodGroupsHelper.collectMethodsByGroup() took 0 ms.
2026-06-12 02:49:53,689 INFO  org.testng.internal.Utils - [Utils] MethodGroupsHelper.sortMethods() took 0 ms.
2026-06-12 02:49:53,690 INFO  org.testng.internal.Utils - [Utils] MethodGroupsHelper.collectMethodsByGroup() took 0 ms.
2026-06-12 02:49:53,690 INFO  org.testng.internal.Utils - [Utils] MethodGroupsHelper.sortMethods() took 0 ms.
2026-06-12 02:49:53,692 INFO  org.testng.internal.Utils - [Utils] MethodGroupsHelper.collectMethodsByGroup() took 0 ms.
2026-06-12 02:49:53,692 INFO  org.testng.internal.Utils - [Utils] MethodGroupsHelper.sortMethods() took 0 ms.
2026-06-12 02:49:53,694 INFO  org.testng.internal.Utils - [Utils] MethodGroupsHelper.collectMethodsByGroup() took 0 ms.
2026-06-12 02:49:53,694 INFO  org.testng.internal.Utils - [Utils] MethodGroupsHelper.sortMethods() took 0 ms.
2026-06-12 02:49:53,695 INFO  org.testng.internal.Utils - [Utils] MethodGroupsHelper.collectMethodsByGroup() took 0 ms.
2026-06-12 02:49:53,695 INFO  org.testng.internal.Utils - [Utils] MethodGroupsHelper.sortMethods() took 0 ms.
2026-06-12 02:49:53,706 INFO  org.testng.internal.Utils - [TestNG] Running:
  C:\Users\singh\AppData\Local\Temp\testng-eclipse--2140383642\testng-customsuite.xml

2026-06-12 02:49:53,728 INFO  org.testng.internal.Utils - [Utils] DynamicGraphHelper.createDynamicGraph() took 5 ms.
2026-06-12 02:49:54,293 INFO  io.github.bonigarcia.wdm.WebDriverManager - Using chromedriver 149.0.7827.55 (resolved driver for Chrome 149)
2026-06-12 02:49:54,330 INFO  io.github.bonigarcia.wdm.WebDriverManager - Exporting webdriver.chrome.driver as C:\Users\singh\.cache\selenium\chromedriver\win64\149.0.7827.55\chromedriver.exe
2026-06-12 02:50:46,634 INFO  org.testng.internal.Utils - [TestNG] Time taken by org.testng.reporters.jq.Main@7da39774: 127 ms
2026-06-12 02:50:46,634 INFO  org.testng.internal.Utils - [TestNG] Time taken by org.testng.reporters.FailedReporter@5349b246: 0 ms
2026-06-12 02:50:46,652 INFO  org.testng.internal.Utils - [TestNG] Time taken by org.testng.reporters.XMLReporter@56399b9e: 18 ms
2026-06-12 02:50:46,665 INFO  org.testng.internal.Utils - [TestNG] Time taken by org.testng.reporters.EmailableReporter2@78a0ff63: 13 ms
2026-06-12 02:50:46,681 INFO  org.testng.internal.Utils - [TestNG] Time taken by org.testng.reporters.JUnitReportReporter@661d88a: 16 ms
2026-06-12 02:50:46,681 INFO  org.testng.internal.Utils - [TestNG] Time taken by org.testng.internal.ExitCodeListener@4b0b64cc: 0 ms
2026-06-13 10:05:12,975 INFO  org.testng.internal.Utils - [Utils] MethodGroupsHelper.collectMethodsByGroup() took 1 ms.
2026-06-13 10:05:12,984 INFO  org.testng.internal.Utils - [Utils] MethodGroupsHelper.sortMethods() took 3 ms.
2026-06-13 10:05:12,988 INFO  org.testng.internal.Utils - [Utils] MethodGroupsHelper.collectMethodsByGroup() took 0 ms.
2026-06-13 10:05:12,989 INFO  org.testng.internal.Utils - [Utils] MethodGroupsHelper.sortMethods() took 0 ms.
2026-06-13 10:05:12,990 INFO  org.testng.internal.Utils - [Utils] MethodGroupsHelper.collectMethodsByGroup() took 0 ms.
2026-06-13 10:05:12,991 INFO  org.testng.internal.Utils - [Utils] MethodGroupsHelper.sortMethods() took 0 ms.
2026-06-13 10:05:12,991 INFO  org.testng.internal.Utils - [Utils] MethodGroupsHelper.collectMethodsByGroup() took 0 ms.
2026-06-13 10:05:12,991 INFO  org.testng.internal.Utils - [Utils] MethodGroupsHelper.sortMethods() took 0 ms.
2026-06-13 10:05:12,992 INFO  org.testng.internal.Utils - [Utils] MethodGroupsHelper.collectMethodsByGroup() took 0 ms.
2026-06-13 10:05:12,993 INFO  org.testng.internal.Utils - [Utils] MethodGroupsHelper.sortMethods() took 0 ms.
2026-06-13 10:05:12,993 INFO  org.testng.internal.Utils - [Utils] MethodGroupsHelper.collectMethodsByGroup() took 0 ms.
2026-06-13 10:05:12,993 INFO  org.testng.internal.Utils - [Utils] MethodGroupsHelper.sortMethods() took 0 ms.
2026-06-13 10:05:12,994 INFO  org.testng.internal.Utils - [Utils] MethodGroupsHelper.collectMethodsByGroup() took 0 ms.
2026-06-13 10:05:12,994 INFO  org.testng.internal.Utils - [Utils] MethodGroupsHelper.sortMethods() took 0 ms.
2026-06-13 10:05:12,994 INFO  org.testng.internal.Utils - [Utils] MethodGroupsHelper.collectMethodsByGroup() took 0 ms.
2026-06-13 10:05:12,996 INFO  org.testng.internal.Utils - [Utils] MethodGroupsHelper.sortMethods() took 0 ms.
2026-06-13 10:05:13,002 INFO  org.testng.internal.Utils - [Utils] MethodGroupsHelper.collectMethodsByGroup() took 4 ms.
2026-06-13 10:05:13,013 INFO  org.testng.internal.Utils - [Utils] MethodGroupsHelper.sortMethods() took 11 ms.
2026-06-13 10:05:13,014 INFO  org.testng.internal.Utils - [Utils] MethodGroupsHelper.collectMethodsByGroup() took 0 ms.
2026-06-13 10:05:13,015 INFO  org.testng.internal.Utils - [Utils] MethodGroupsHelper.sortMethods() took 1 ms.
2026-06-13 10:05:13,017 INFO  org.testng.internal.Utils - [Utils] MethodGroupsHelper.collectMethodsByGroup() took 0 ms.
2026-06-13 10:05:13,017 INFO  org.testng.internal.Utils - [Utils] MethodGroupsHelper.sortMethods() took 0 ms.
2026-06-13 10:05:13,017 INFO  org.testng.internal.Utils - [Utils] MethodGroupsHelper.collectMethodsByGroup() took 0 ms.
2026-06-13 10:05:13,017 INFO  org.testng.internal.Utils - [Utils] MethodGroupsHelper.sortMethods() took 0 ms.
2026-06-13 10:05:13,018 INFO  org.testng.internal.Utils - [Utils] MethodGroupsHelper.collectMethodsByGroup() took 0 ms.
2026-06-13 10:05:13,019 INFO  org.testng.internal.Utils - [Utils] MethodGroupsHelper.sortMethods() took 1 ms.
2026-06-13 10:05:13,021 INFO  org.testng.internal.Utils - [Utils] MethodGroupsHelper.collectMethodsByGroup() took 0 ms.
2026-06-13 10:05:13,021 INFO  org.testng.internal.Utils - [Utils] MethodGroupsHelper.sortMethods() took 0 ms.
2026-06-13 10:05:13,021 INFO  org.testng.internal.Utils - [Utils] MethodGroupsHelper.collectMethodsByGroup() took 0 ms.
2026-06-13 10:05:13,022 INFO  org.testng.internal.Utils - [Utils] MethodGroupsHelper.sortMethods() took 0 ms.
2026-06-13 10:05:13,030 INFO  org.testng.internal.Utils - [TestNG] Running:
  C:\Users\singh\AppData\Local\Temp\testng-eclipse--2144911064\testng-customsuite.xml

2026-06-13 10:05:13,048 INFO  org.testng.internal.Utils - [Utils] DynamicGraphHelper.createDynamicGraph() took 5 ms.
2026-06-13 10:05:15,141 INFO  io.github.bonigarcia.wdm.WebDriverManager - Using chromedriver 149.0.7827.115 (resolved driver for Chrome 149)
2026-06-13 10:05:15,244 INFO  io.github.bonigarcia.wdm.online.Downloader - Downloading https://storage.googleapis.com/chrome-for-testing-public/149.0.7827.115/win64/chromedriver-win64.zip
2026-06-13 10:05:19,038 INFO  io.github.bonigarcia.wdm.online.Downloader - Extracting driver from compressed file chromedriver-win64.zip
2026-06-13 10:05:19,342 INFO  io.github.bonigarcia.wdm.WebDriverManager - Exporting webdriver.chrome.driver as C:\Users\singh\.cache\selenium\chromedriver\win64\149.0.7827.115\chromedriver.exe
2026-06-13 10:06:03,196 INFO  org.testng.internal.Utils - [TestNG] Time taken by org.testng.reporters.jq.Main@5ad1904f: 46 ms
2026-06-13 10:06:03,197 INFO  org.testng.internal.Utils - [TestNG] Time taken by org.testng.reporters.FailedReporter@4ed5a1b0: 1 ms
2026-06-13 10:06:03,202 INFO  org.testng.internal.Utils - [TestNG] Time taken by org.testng.reporters.XMLReporter@1ddc6db2: 5 ms
2026-06-13 10:06:03,207 INFO  org.testng.internal.Utils - [TestNG] Time taken by org.testng.reporters.EmailableReporter2@21bd128b: 4 ms
2026-06-13 10:06:03,213 INFO  org.testng.internal.Utils - [TestNG] Time taken by org.testng.reporters.JUnitReportReporter@1290ed28: 6 ms
2026-06-13 10:06:03,213 INFO  org.testng.internal.Utils - [TestNG] Time taken by org.testng.internal.ExitCodeListener@7a3269f5: 0 ms
2026-06-13 10:37:18,234 INFO  org.testng.internal.Utils - [Utils] MethodGroupsHelper.collectMethodsByGroup() took 1 ms.
2026-06-13 10:37:18,241 INFO  org.testng.internal.Utils - [Utils] MethodGroupsHelper.sortMethods() took 0 ms.
2026-06-13 10:37:18,243 INFO  org.testng.internal.Utils - [Utils] MethodGroupsHelper.collectMethodsByGroup() took 0 ms.
2026-06-13 10:37:18,243 INFO  org.testng.internal.Utils - [Utils] MethodGroupsHelper.sortMethods() took 0 ms.
2026-06-13 10:37:18,244 INFO  org.testng.internal.Utils - [Utils] MethodGroupsHelper.collectMethodsByGroup() took 0 ms.
2026-06-13 10:37:18,245 INFO  org.testng.internal.Utils - [Utils] MethodGroupsHelper.sortMethods() took 0 ms.
2026-06-13 10:37:18,246 INFO  org.testng.internal.Utils - [Utils] MethodGroupsHelper.collectMethodsByGroup() took 0 ms.
2026-06-13 10:37:18,246 INFO  org.testng.internal.Utils - [Utils] MethodGroupsHelper.sortMethods() took 0 ms.
2026-06-13 10:37:18,247 INFO  org.testng.internal.Utils - [Utils] MethodGroupsHelper.collectMethodsByGroup() took 0 ms.
2026-06-13 10:37:18,248 INFO  org.testng.internal.Utils - [Utils] MethodGroupsHelper.sortMethods() took 0 ms.
2026-06-13 10:37:18,248 INFO  org.testng.internal.Utils - [Utils] MethodGroupsHelper.collectMethodsByGroup() took 0 ms.
2026-06-13 10:37:18,248 INFO  org.testng.internal.Utils - [Utils] MethodGroupsHelper.sortMethods() took 0 ms.
2026-06-13 10:37:18,249 INFO  org.testng.internal.Utils - [Utils] MethodGroupsHelper.collectMethodsByGroup() took 0 ms.
2026-06-13 10:37:18,249 INFO  org.testng.internal.Utils - [Utils] MethodGroupsHelper.sortMethods() took 0 ms.
2026-06-13 10:37:18,249 INFO  org.testng.internal.Utils - [Utils] MethodGroupsHelper.collectMethodsByGroup() took 0 ms.
2026-06-13 10:37:18,250 INFO  org.testng.internal.Utils - [Utils] MethodGroupsHelper.sortMethods() took 0 ms.
2026-06-13 10:37:18,257 INFO  org.testng.internal.Utils - [Utils] MethodGroupsHelper.collectMethodsByGroup() took 4 ms.
2026-06-13 10:37:18,265 INFO  org.testng.internal.Utils - [Utils] MethodGroupsHelper.sortMethods() took 8 ms.
2026-06-13 10:37:18,268 INFO  org.testng.internal.Utils - [Utils] MethodGroupsHelper.collectMethodsByGroup() took 0 ms.
2026-06-13 10:37:18,268 INFO  org.testng.internal.Utils - [Utils] MethodGroupsHelper.sortMethods() took 0 ms.
2026-06-13 10:37:18,270 INFO  org.testng.internal.Utils - [Utils] MethodGroupsHelper.collectMethodsByGroup() took 0 ms.
2026-06-13 10:37:18,270 INFO  org.testng.internal.Utils - [Utils] MethodGroupsHelper.sortMethods() took 0 ms.
2026-06-13 10:37:18,270 INFO  org.testng.internal.Utils - [Utils] MethodGroupsHelper.collectMethodsByGroup() took 0 ms.
2026-06-13 10:37:18,271 INFO  org.testng.internal.Utils - [Utils] MethodGroupsHelper.sortMethods() took 0 ms.
2026-06-13 10:37:18,272 INFO  org.testng.internal.Utils - [Utils] MethodGroupsHelper.collectMethodsByGroup() took 1 ms.
2026-06-13 10:37:18,275 INFO  org.testng.internal.Utils - [Utils] MethodGroupsHelper.sortMethods() took 2 ms.
2026-06-13 10:37:18,276 INFO  org.testng.internal.Utils - [Utils] MethodGroupsHelper.collectMethodsByGroup() took 0 ms.
2026-06-13 10:37:18,276 INFO  org.testng.internal.Utils - [Utils] MethodGroupsHelper.sortMethods() took 0 ms.
2026-06-13 10:37:18,276 INFO  org.testng.internal.Utils - [Utils] MethodGroupsHelper.collectMethodsByGroup() took 0 ms.
2026-06-13 10:37:18,276 INFO  org.testng.internal.Utils - [Utils] MethodGroupsHelper.sortMethods() took 0 ms.
2026-06-13 10:37:18,283 INFO  org.testng.internal.Utils - [TestNG] Running:
  C:\Users\singh\AppData\Local\Temp\testng-eclipse-24043247\testng-customsuite.xml

2026-06-13 10:37:18,299 INFO  org.testng.internal.Utils - [Utils] DynamicGraphHelper.createDynamicGraph() took 2 ms.
2026-06-13 10:37:18,714 INFO  io.github.bonigarcia.wdm.WebDriverManager - Using chromedriver 149.0.7827.115 (resolved driver for Chrome 149)
2026-06-13 10:37:18,751 INFO  io.github.bonigarcia.wdm.WebDriverManager - Exporting webdriver.chrome.driver as C:\Users\singh\.cache\selenium\chromedriver\win64\149.0.7827.115\chromedriver.exe
2026-06-13 10:37:32,575 INFO  io.github.bonigarcia.wdm.WebDriverManager - Using chromedriver 149.0.7827.115 (resolved driver for Chrome 149)
2026-06-13 10:37:32,585 INFO  io.github.bonigarcia.wdm.WebDriverManager - Exporting webdriver.chrome.driver as C:\Users\singh\.cache\selenium\chromedriver\win64\149.0.7827.115\chromedriver.exe
2026-06-13 10:37:46,686 INFO  org.testng.internal.Utils - [TestNG] Time taken by org.testng.reporters.jq.Main@483b0690: 45 ms
2026-06-13 10:37:46,698 INFO  org.testng.internal.Utils - [TestNG] Time taken by org.testng.reporters.FailedReporter@4887de2b: 11 ms
2026-06-13 10:37:46,707 INFO  org.testng.internal.Utils - [TestNG] Time taken by org.testng.reporters.XMLReporter@50a13c2f: 9 ms
2026-06-13 10:37:46,715 INFO  org.testng.internal.Utils - [TestNG] Time taken by org.testng.reporters.EmailableReporter2@77c1e611: 7 ms
2026-06-13 10:37:46,721 INFO  org.testng.internal.Utils - [TestNG] Time taken by org.testng.reporters.JUnitReportReporter@36ab3814: 6 ms
2026-06-13 10:37:46,721 INFO  org.testng.internal.Utils - [TestNG] Time taken by org.testng.internal.ExitCodeListener@2abbd0d9: 0 ms
2026-06-13 10:39:00,642 INFO  org.testng.internal.Utils - [Utils] MethodGroupsHelper.collectMethodsByGroup() took 0 ms.
2026-06-13 10:39:00,649 INFO  org.testng.internal.Utils - [Utils] MethodGroupsHelper.sortMethods() took 1 ms.
2026-06-13 10:39:00,651 INFO  org.testng.internal.Utils - [Utils] MethodGroupsHelper.collectMethodsByGroup() took 0 ms.
2026-06-13 10:39:00,651 INFO  org.testng.internal.Utils - [Utils] MethodGroupsHelper.sortMethods() took 0 ms.
2026-06-13 10:39:00,651 INFO  org.testng.internal.Utils - [Utils] MethodGroupsHelper.collectMethodsByGroup() took 0 ms.
2026-06-13 10:39:00,651 INFO  org.testng.internal.Utils - [Utils] MethodGroupsHelper.sortMethods() took 0 ms.
2026-06-13 10:39:00,652 INFO  org.testng.internal.Utils - [Utils] MethodGroupsHelper.collectMethodsByGroup() took 0 ms.
2026-06-13 10:39:00,652 INFO  org.testng.internal.Utils - [Utils] MethodGroupsHelper.sortMethods() took 0 ms.
2026-06-13 10:39:00,652 INFO  org.testng.internal.Utils - [Utils] MethodGroupsHelper.collectMethodsByGroup() took 0 ms.
2026-06-13 10:39:00,652 INFO  org.testng.internal.Utils - [Utils] MethodGroupsHelper.sortMethods() took 0 ms.
2026-06-13 10:39:00,652 INFO  org.testng.internal.Utils - [Utils] MethodGroupsHelper.collectMethodsByGroup() took 0 ms.
2026-06-13 10:39:00,652 INFO  org.testng.internal.Utils - [Utils] MethodGroupsHelper.sortMethods() took 0 ms.
2026-06-13 10:39:00,653 INFO  org.testng.internal.Utils - [Utils] MethodGroupsHelper.collectMethodsByGroup() took 0 ms.
2026-06-13 10:39:00,653 INFO  org.testng.internal.Utils - [Utils] MethodGroupsHelper.sortMethods() took 0 ms.
2026-06-13 10:39:00,653 INFO  org.testng.internal.Utils - [Utils] MethodGroupsHelper.collectMethodsByGroup() took 0 ms.
2026-06-13 10:39:00,653 INFO  org.testng.internal.Utils - [Utils] MethodGroupsHelper.sortMethods() took 0 ms.
2026-06-13 10:39:00,662 INFO  org.testng.internal.Utils - [Utils] MethodGroupsHelper.collectMethodsByGroup() took 3 ms.
2026-06-13 10:39:00,670 INFO  org.testng.internal.Utils - [Utils] MethodGroupsHelper.sortMethods() took 8 ms.
2026-06-13 10:39:00,672 INFO  org.testng.internal.Utils - [Utils] MethodGroupsHelper.collectMethodsByGroup() took 1 ms.
2026-06-13 10:39:00,672 INFO  org.testng.internal.Utils - [Utils] MethodGroupsHelper.sortMethods() took 0 ms.
2026-06-13 10:39:00,674 INFO  org.testng.internal.Utils - [Utils] MethodGroupsHelper.collectMethodsByGroup() took 0 ms.
2026-06-13 10:39:00,674 INFO  org.testng.internal.Utils - [Utils] MethodGroupsHelper.sortMethods() took 0 ms.
2026-06-13 10:39:00,674 INFO  org.testng.internal.Utils - [Utils] MethodGroupsHelper.collectMethodsByGroup() took 0 ms.
2026-06-13 10:39:00,675 INFO  org.testng.internal.Utils - [Utils] MethodGroupsHelper.sortMethods() took 0 ms.
2026-06-13 10:39:00,676 INFO  org.testng.internal.Utils - [Utils] MethodGroupsHelper.collectMethodsByGroup() took 1 ms.
2026-06-13 10:39:00,679 INFO  org.testng.internal.Utils - [Utils] MethodGroupsHelper.sortMethods() took 2 ms.
2026-06-13 10:39:00,680 INFO  org.testng.internal.Utils - [Utils] MethodGroupsHelper.collectMethodsByGroup() took 0 ms.
2026-06-13 10:39:00,680 INFO  org.testng.internal.Utils - [Utils] MethodGroupsHelper.sortMethods() took 0 ms.
2026-06-13 10:39:00,681 INFO  org.testng.internal.Utils - [Utils] MethodGroupsHelper.collectMethodsByGroup() took 0 ms.
2026-06-13 10:39:00,681 INFO  org.testng.internal.Utils - [Utils] MethodGroupsHelper.sortMethods() took 0 ms.
2026-06-13 10:39:00,686 INFO  org.testng.internal.Utils - [TestNG] Running:
  C:\Users\singh\AppData\Local\Temp\testng-eclipse-381245113\testng-customsuite.xml

2026-06-13 10:39:00,705 INFO  org.testng.internal.Utils - [Utils] DynamicGraphHelper.createDynamicGraph() took 3 ms.
2026-06-13 10:39:01,080 INFO  io.github.bonigarcia.wdm.WebDriverManager - Using chromedriver 149.0.7827.115 (resolved driver for Chrome 149)
2026-06-13 10:39:01,119 INFO  io.github.bonigarcia.wdm.WebDriverManager - Exporting webdriver.chrome.driver as C:\Users\singh\.cache\selenium\chromedriver\win64\149.0.7827.115\chromedriver.exe
2026-06-13 10:39:08,202 INFO  io.github.bonigarcia.wdm.WebDriverManager - Using chromedriver 149.0.7827.115 (resolved driver for Chrome 149)
2026-06-13 10:39:08,213 INFO  io.github.bonigarcia.wdm.WebDriverManager - Exporting webdriver.chrome.driver as C:\Users\singh\.cache\selenium\chromedriver\win64\149.0.7827.115\chromedriver.exe
2026-06-13 10:39:18,634 INFO  org.testng.internal.Utils - [TestNG] Time taken by org.testng.reporters.jq.Main@646c0a67: 40 ms
2026-06-13 10:39:18,635 INFO  org.testng.internal.Utils - [TestNG] Time taken by org.testng.reporters.FailedReporter@5f7989fa: 1 ms
2026-06-13 10:39:18,642 INFO  org.testng.internal.Utils - [TestNG] Time taken by org.testng.reporters.XMLReporter@18d910b3: 7 ms
2026-06-13 10:39:18,645 INFO  org.testng.internal.Utils - [TestNG] Time taken by org.testng.reporters.EmailableReporter2@3ed7821: 3 ms
2026-06-13 10:39:18,650 INFO  org.testng.internal.Utils - [TestNG] Time taken by org.testng.reporters.JUnitReportReporter@77bbadc: 5 ms
2026-06-13 10:39:18,650 INFO  org.testng.internal.Utils - [TestNG] Time taken by org.testng.internal.ExitCodeListener@3c3a0032: 0 ms
2026-06-13 10:40:12,192 INFO  org.testng.internal.Utils - [Utils] MethodGroupsHelper.collectMethodsByGroup() took 0 ms.
2026-06-13 10:40:12,199 INFO  org.testng.internal.Utils - [Utils] MethodGroupsHelper.sortMethods() took 1 ms.
2026-06-13 10:40:12,201 INFO  org.testng.internal.Utils - [Utils] MethodGroupsHelper.collectMethodsByGroup() took 0 ms.
2026-06-13 10:40:12,201 INFO  org.testng.internal.Utils - [Utils] MethodGroupsHelper.sortMethods() took 0 ms.
2026-06-13 10:40:12,202 INFO  org.testng.internal.Utils - [Utils] MethodGroupsHelper.collectMethodsByGroup() took 0 ms.
2026-06-13 10:40:12,203 INFO  org.testng.internal.Utils - [Utils] MethodGroupsHelper.sortMethods() took 1 ms.
2026-06-13 10:40:12,203 INFO  org.testng.internal.Utils - [Utils] MethodGroupsHelper.collectMethodsByGroup() took 0 ms.
2026-06-13 10:40:12,203 INFO  org.testng.internal.Utils - [Utils] MethodGroupsHelper.sortMethods() took 0 ms.
2026-06-13 10:40:12,204 INFO  org.testng.internal.Utils - [Utils] MethodGroupsHelper.collectMethodsByGroup() took 0 ms.
2026-06-13 10:40:12,204 INFO  org.testng.internal.Utils - [Utils] MethodGroupsHelper.sortMethods() took 0 ms.
2026-06-13 10:40:12,205 INFO  org.testng.internal.Utils - [Utils] MethodGroupsHelper.collectMethodsByGroup() took 0 ms.
2026-06-13 10:40:12,205 INFO  org.testng.internal.Utils - [Utils] MethodGroupsHelper.sortMethods() took 0 ms.
2026-06-13 10:40:12,205 INFO  org.testng.internal.Utils - [Utils] MethodGroupsHelper.collectMethodsByGroup() took 0 ms.
2026-06-13 10:40:12,205 INFO  org.testng.internal.Utils - [Utils] MethodGroupsHelper.sortMethods() took 0 ms.
2026-06-13 10:40:12,206 INFO  org.testng.internal.Utils - [Utils] MethodGroupsHelper.collectMethodsByGroup() took 0 ms.
2026-06-13 10:40:12,206 INFO  org.testng.internal.Utils - [Utils] MethodGroupsHelper.sortMethods() took 0 ms.
2026-06-13 10:40:12,213 INFO  org.testng.internal.Utils - [Utils] MethodGroupsHelper.collectMethodsByGroup() took 3 ms.
2026-06-13 10:40:12,222 INFO  org.testng.internal.Utils - [Utils] MethodGroupsHelper.sortMethods() took 9 ms.
2026-06-13 10:40:12,223 INFO  org.testng.internal.Utils - [Utils] MethodGroupsHelper.collectMethodsByGroup() took 0 ms.
2026-06-13 10:40:12,223 INFO  org.testng.internal.Utils - [Utils] MethodGroupsHelper.sortMethods() took 0 ms.
2026-06-13 10:40:12,225 INFO  org.testng.internal.Utils - [Utils] MethodGroupsHelper.collectMethodsByGroup() took 0 ms.
2026-06-13 10:40:12,226 INFO  org.testng.internal.Utils - [Utils] MethodGroupsHelper.sortMethods() took 0 ms.
2026-06-13 10:40:12,226 INFO  org.testng.internal.Utils - [Utils] MethodGroupsHelper.collectMethodsByGroup() took 0 ms.
2026-06-13 10:40:12,226 INFO  org.testng.internal.Utils - [Utils] MethodGroupsHelper.sortMethods() took 0 ms.
2026-06-13 10:40:12,227 INFO  org.testng.internal.Utils - [Utils] MethodGroupsHelper.collectMethodsByGroup() took 0 ms.
2026-06-13 10:40:12,227 INFO  org.testng.internal.Utils - [Utils] MethodGroupsHelper.sortMethods() took 0 ms.
2026-06-13 10:40:12,228 INFO  org.testng.internal.Utils - [Utils] MethodGroupsHelper.collectMethodsByGroup() took 0 ms.
2026-06-13 10:40:12,229 INFO  org.testng.internal.Utils - [Utils] MethodGroupsHelper.sortMethods() took 0 ms.
2026-06-13 10:40:12,229 INFO  org.testng.internal.Utils - [Utils] MethodGroupsHelper.collectMethodsByGroup() took 0 ms.
2026-06-13 10:40:12,229 INFO  org.testng.internal.Utils - [Utils] MethodGroupsHelper.sortMethods() took 0 ms.
2026-06-13 10:40:12,234 INFO  org.testng.internal.Utils - [TestNG] Running:
  C:\Users\singh\AppData\Local\Temp\testng-eclipse-128388465\testng-customsuite.xml

2026-06-13 10:40:12,251 INFO  org.testng.internal.Utils - [Utils] DynamicGraphHelper.createDynamicGraph() took 5 ms.
2026-06-13 10:40:12,633 INFO  io.github.bonigarcia.wdm.WebDriverManager - Using chromedriver 149.0.7827.115 (resolved driver for Chrome 149)
2026-06-13 10:40:12,662 INFO  io.github.bonigarcia.wdm.WebDriverManager - Exporting webdriver.chrome.driver as C:\Users\singh\.cache\selenium\chromedriver\win64\149.0.7827.115\chromedriver.exe
2026-06-13 10:40:57,399 INFO  org.testng.internal.Utils - [TestNG] Time taken by org.testng.reporters.jq.Main@7da39774: 38 ms
2026-06-13 10:40:57,400 INFO  org.testng.internal.Utils - [TestNG] Time taken by org.testng.reporters.FailedReporter@5349b246: 1 ms
2026-06-13 10:40:57,406 INFO  org.testng.internal.Utils - [TestNG] Time taken by org.testng.reporters.XMLReporter@56399b9e: 5 ms
2026-06-13 10:40:57,408 INFO  org.testng.internal.Utils - [TestNG] Time taken by org.testng.reporters.EmailableReporter2@78a0ff63: 2 ms
2026-06-13 10:40:57,416 INFO  org.testng.internal.Utils - [TestNG] Time taken by org.testng.reporters.JUnitReportReporter@661d88a: 7 ms
2026-06-13 10:40:57,417 INFO  org.testng.internal.Utils - [TestNG] Time taken by org.testng.internal.ExitCodeListener@4b0b64cc: 0 ms
2026-06-13 12:11:46,812 INFO  org.testng.internal.Utils - [Utils] MethodGroupsHelper.collectMethodsByGroup() took 0 ms.
2026-06-13 12:11:46,836 INFO  org.testng.internal.Utils - [Utils] MethodGroupsHelper.sortMethods() took 2 ms.
2026-06-13 12:11:46,839 INFO  org.testng.internal.Utils - [Utils] MethodGroupsHelper.collectMethodsByGroup() took 0 ms.
2026-06-13 12:11:46,840 INFO  org.testng.internal.Utils - [Utils] MethodGroupsHelper.sortMethods() took 0 ms.
2026-06-13 12:11:46,841 INFO  org.testng.internal.Utils - [Utils] MethodGroupsHelper.collectMethodsByGroup() took 0 ms.
2026-06-13 12:11:46,842 INFO  org.testng.internal.Utils - [Utils] MethodGroupsHelper.sortMethods() took 0 ms.
2026-06-13 12:11:46,843 INFO  org.testng.internal.Utils - [Utils] MethodGroupsHelper.collectMethodsByGroup() took 0 ms.
2026-06-13 12:11:46,843 INFO  org.testng.internal.Utils - [Utils] MethodGroupsHelper.sortMethods() took 0 ms.
2026-06-13 12:11:46,845 INFO  org.testng.internal.Utils - [Utils] MethodGroupsHelper.collectMethodsByGroup() took 0 ms.
2026-06-13 12:11:46,846 INFO  org.testng.internal.Utils - [Utils] MethodGroupsHelper.sortMethods() took 0 ms.
2026-06-13 12:11:46,846 INFO  org.testng.internal.Utils - [Utils] MethodGroupsHelper.collectMethodsByGroup() took 0 ms.
2026-06-13 12:11:46,847 INFO  org.testng.internal.Utils - [Utils] MethodGroupsHelper.sortMethods() took 0 ms.
2026-06-13 12:11:46,848 INFO  org.testng.internal.Utils - [Utils] MethodGroupsHelper.collectMethodsByGroup() took 0 ms.
2026-06-13 12:11:46,848 INFO  org.testng.internal.Utils - [Utils] MethodGroupsHelper.sortMethods() took 0 ms.
2026-06-13 12:11:46,849 INFO  org.testng.internal.Utils - [Utils] MethodGroupsHelper.collectMethodsByGroup() took 0 ms.
2026-06-13 12:11:46,849 INFO  org.testng.internal.Utils - [Utils] MethodGroupsHelper.sortMethods() took 0 ms.
2026-06-13 12:11:46,858 INFO  org.testng.internal.Utils - [Utils] MethodGroupsHelper.collectMethodsByGroup() took 4 ms.
2026-06-13 12:11:46,868 INFO  org.testng.internal.Utils - [Utils] MethodGroupsHelper.sortMethods() took 10 ms.
2026-06-13 12:11:46,869 INFO  org.testng.internal.Utils - [Utils] MethodGroupsHelper.collectMethodsByGroup() took 0 ms.
2026-06-13 12:11:46,870 INFO  org.testng.internal.Utils - [Utils] MethodGroupsHelper.sortMethods() took 0 ms.
2026-06-13 12:11:46,873 INFO  org.testng.internal.Utils - [Utils] MethodGroupsHelper.collectMethodsByGroup() took 0 ms.
2026-06-13 12:11:46,873 INFO  org.testng.internal.Utils - [Utils] MethodGroupsHelper.sortMethods() took 0 ms.
2026-06-13 12:11:46,874 INFO  org.testng.internal.Utils - [Utils] MethodGroupsHelper.collectMethodsByGroup() took 0 ms.
2026-06-13 12:11:46,874 INFO  org.testng.internal.Utils - [Utils] MethodGroupsHelper.sortMethods() took 0 ms.
2026-06-13 12:11:46,875 INFO  org.testng.internal.Utils - [Utils] MethodGroupsHelper.collectMethodsByGroup() took 0 ms.
2026-06-13 12:11:46,875 INFO  org.testng.internal.Utils - [Utils] MethodGroupsHelper.sortMethods() took 0 ms.
2026-06-13 12:11:46,876 INFO  org.testng.internal.Utils - [Utils] MethodGroupsHelper.collectMethodsByGroup() took 0 ms.
2026-06-13 12:11:46,876 INFO  org.testng.internal.Utils - [Utils] MethodGroupsHelper.sortMethods() took 0 ms.
2026-06-13 12:11:46,876 INFO  org.testng.internal.Utils - [Utils] MethodGroupsHelper.collectMethodsByGroup() took 0 ms.
2026-06-13 12:11:46,877 INFO  org.testng.internal.Utils - [Utils] MethodGroupsHelper.sortMethods() took 0 ms.
2026-06-13 12:11:46,883 INFO  org.testng.internal.Utils - [TestNG] Running:
  C:\Users\singh\AppData\Local\Temp\testng-eclipse-1613359923\testng-customsuite.xml

2026-06-13 12:11:46,905 INFO  org.testng.internal.Utils - [Utils] DynamicGraphHelper.createDynamicGraph() took 6 ms.
2026-06-13 12:11:48,705 INFO  io.github.bonigarcia.wdm.WebDriverManager - Using chromedriver 149.0.7827.115 (resolved driver for Chrome 149)
2026-06-13 12:11:48,747 INFO  io.github.bonigarcia.wdm.WebDriverManager - Exporting webdriver.chrome.driver as C:\Users\singh\.cache\selenium\chromedriver\win64\149.0.7827.115\chromedriver.exe
2026-06-13 12:12:32,582 INFO  org.testng.internal.Utils - [TestNG] Time taken by org.testng.reporters.jq.Main@3667faa8: 65 ms
2026-06-13 12:12:32,583 INFO  org.testng.internal.Utils - [TestNG] Time taken by org.testng.reporters.FailedReporter@27df95e: 0 ms
2026-06-13 12:12:32,594 INFO  org.testng.internal.Utils - [TestNG] Time taken by org.testng.reporters.XMLReporter@575c3e9b: 10 ms
2026-06-13 12:12:32,599 INFO  org.testng.internal.Utils - [TestNG] Time taken by org.testng.reporters.EmailableReporter2@939ff41: 5 ms
2026-06-13 12:12:32,604 INFO  org.testng.internal.Utils - [TestNG] Time taken by org.testng.reporters.JUnitReportReporter@39ffda4a: 5 ms
2026-06-13 12:12:32,605 INFO  org.testng.internal.Utils - [TestNG] Time taken by org.testng.internal.ExitCodeListener@3ba348ca: 0 ms
2026-06-13 12:13:24,138 INFO  org.testng.internal.Utils - [Utils] MethodGroupsHelper.collectMethodsByGroup() took 1 ms.
2026-06-13 12:13:24,149 INFO  org.testng.internal.Utils - [Utils] MethodGroupsHelper.sortMethods() took 2 ms.
2026-06-13 12:13:24,152 INFO  org.testng.internal.Utils - [Utils] MethodGroupsHelper.collectMethodsByGroup() took 0 ms.
2026-06-13 12:13:24,152 INFO  org.testng.internal.Utils - [Utils] MethodGroupsHelper.sortMethods() took 0 ms.
2026-06-13 12:13:24,153 INFO  org.testng.internal.Utils - [Utils] MethodGroupsHelper.collectMethodsByGroup() took 0 ms.
2026-06-13 12:13:24,153 INFO  org.testng.internal.Utils - [Utils] MethodGroupsHelper.sortMethods() took 0 ms.
2026-06-13 12:13:24,155 INFO  org.testng.internal.Utils - [Utils] MethodGroupsHelper.collectMethodsByGroup() took 0 ms.
2026-06-13 12:13:24,156 INFO  org.testng.internal.Utils - [Utils] MethodGroupsHelper.sortMethods() took 0 ms.
2026-06-13 12:13:24,157 INFO  org.testng.internal.Utils - [Utils] MethodGroupsHelper.collectMethodsByGroup() took 0 ms.
2026-06-13 12:13:24,158 INFO  org.testng.internal.Utils - [Utils] MethodGroupsHelper.sortMethods() took 0 ms.
2026-06-13 12:13:24,159 INFO  org.testng.internal.Utils - [Utils] MethodGroupsHelper.collectMethodsByGroup() took 0 ms.
2026-06-13 12:13:24,159 INFO  org.testng.internal.Utils - [Utils] MethodGroupsHelper.sortMethods() took 0 ms.
2026-06-13 12:13:24,160 INFO  org.testng.internal.Utils - [Utils] MethodGroupsHelper.collectMethodsByGroup() took 0 ms.
2026-06-13 12:13:24,161 INFO  org.testng.internal.Utils - [Utils] MethodGroupsHelper.sortMethods() took 1 ms.
2026-06-13 12:13:24,161 INFO  org.testng.internal.Utils - [Utils] MethodGroupsHelper.collectMethodsByGroup() took 0 ms.
2026-06-13 12:13:24,162 INFO  org.testng.internal.Utils - [Utils] MethodGroupsHelper.sortMethods() took 0 ms.
2026-06-13 12:13:24,168 INFO  org.testng.internal.Utils - [Utils] MethodGroupsHelper.collectMethodsByGroup() took 3 ms.
2026-06-13 12:13:24,176 INFO  org.testng.internal.Utils - [Utils] MethodGroupsHelper.sortMethods() took 7 ms.
2026-06-13 12:13:24,180 INFO  org.testng.internal.Utils - [Utils] MethodGroupsHelper.collectMethodsByGroup() took 0 ms.
2026-06-13 12:13:24,181 INFO  org.testng.internal.Utils - [Utils] MethodGroupsHelper.sortMethods() took 0 ms.
2026-06-13 12:13:24,183 INFO  org.testng.internal.Utils - [Utils] MethodGroupsHelper.collectMethodsByGroup() took 0 ms.
2026-06-13 12:13:24,183 INFO  org.testng.internal.Utils - [Utils] MethodGroupsHelper.sortMethods() took 0 ms.
2026-06-13 12:13:24,183 INFO  org.testng.internal.Utils - [Utils] MethodGroupsHelper.collectMethodsByGroup() took 0 ms.
2026-06-13 12:13:24,183 INFO  org.testng.internal.Utils - [Utils] MethodGroupsHelper.sortMethods() took 0 ms.
2026-06-13 12:13:24,185 INFO  org.testng.internal.Utils - [Utils] MethodGroupsHelper.collectMethodsByGroup() took 0 ms.
2026-06-13 12:13:24,190 INFO  org.testng.internal.Utils - [Utils] MethodGroupsHelper.sortMethods() took 5 ms.
2026-06-13 12:13:24,191 INFO  org.testng.internal.Utils - [Utils] MethodGroupsHelper.collectMethodsByGroup() took 0 ms.
2026-06-13 12:13:24,191 INFO  org.testng.internal.Utils - [Utils] MethodGroupsHelper.sortMethods() took 0 ms.
2026-06-13 12:13:24,191 INFO  org.testng.internal.Utils - [Utils] MethodGroupsHelper.collectMethodsByGroup() took 0 ms.
2026-06-13 12:13:24,192 INFO  org.testng.internal.Utils - [Utils] MethodGroupsHelper.sortMethods() took 0 ms.
2026-06-13 12:13:24,200 INFO  org.testng.internal.Utils - [TestNG] Running:
  C:\Users\singh\AppData\Local\Temp\testng-eclipse-1728136044\testng-customsuite.xml

2026-06-13 12:13:24,221 INFO  org.testng.internal.Utils - [Utils] DynamicGraphHelper.createDynamicGraph() took 2 ms.
2026-06-13 12:13:24,658 INFO  io.github.bonigarcia.wdm.WebDriverManager - Using chromedriver 149.0.7827.115 (resolved driver for Chrome 149)
2026-06-13 12:13:24,695 INFO  io.github.bonigarcia.wdm.WebDriverManager - Exporting webdriver.chrome.driver as C:\Users\singh\.cache\selenium\chromedriver\win64\149.0.7827.115\chromedriver.exe
2026-06-13 12:13:32,460 INFO  io.github.bonigarcia.wdm.WebDriverManager - Using chromedriver 149.0.7827.115 (resolved driver for Chrome 149)
2026-06-13 12:13:32,474 INFO  io.github.bonigarcia.wdm.WebDriverManager - Exporting webdriver.chrome.driver as C:\Users\singh\.cache\selenium\chromedriver\win64\149.0.7827.115\chromedriver.exe
2026-06-13 12:13:43,540 INFO  org.testng.internal.Utils - [TestNG] Time taken by org.testng.reporters.jq.Main@561b61ed: 67 ms
2026-06-13 12:13:43,543 INFO  org.testng.internal.Utils - [TestNG] Time taken by org.testng.reporters.FailedReporter@15400fff: 2 ms
2026-06-13 12:13:43,552 INFO  org.testng.internal.Utils - [TestNG] Time taken by org.testng.reporters.XMLReporter@5679e96b: 9 ms
2026-06-13 12:13:43,560 INFO  org.testng.internal.Utils - [TestNG] Time taken by org.testng.reporters.EmailableReporter2@a451491: 7 ms
2026-06-13 12:13:43,567 INFO  org.testng.internal.Utils - [TestNG] Time taken by org.testng.reporters.JUnitReportReporter@337bbfdf: 7 ms
2026-06-13 12:13:43,567 INFO  org.testng.internal.Utils - [TestNG] Time taken by org.testng.internal.ExitCodeListener@52d97ab6: 0 ms
